[2026-03-06T09:05:26.426+0000] {local_task_job_runner.py:120} INFO - ::group::Pre task execution logs
[2026-03-06T09:05:26.446+0000] {taskinstance.py:2076} INFO - Dependencies all met for dep_context=non-requeueable deps ti=<TaskInstance: football_daily_pipeline.write_run_metrics_to_snowflake manual__2026-03-06T09:04:51.152573+00:00 [queued]>
[2026-03-06T09:05:26.450+0000] {taskinstance.py:2076} INFO - Dependencies all met for dep_context=requeueable deps ti=<TaskInstance: football_daily_pipeline.write_run_metrics_to_snowflake manual__2026-03-06T09:04:51.152573+00:00 [queued]>
[2026-03-06T09:05:26.451+0000] {taskinstance.py:2306} INFO - Starting attempt 1 of 3
[2026-03-06T09:05:26.458+0000] {taskinstance.py:2330} INFO - Executing <Task(PythonOperator): write_run_metrics_to_snowflake> on 2026-03-06 09:04:51.152573+00:00
[2026-03-06T09:05:26.466+0000] {standard_task_runner.py:90} INFO - Running: ['***', 'tasks', 'run', 'football_daily_pipeline', 'write_run_metrics_to_snowflake', 'manual__2026-03-06T09:04:51.152573+00:00', '--job-id', '65', '--raw', '--subdir', 'DAGS_FOLDER/football_daily_pipeline.py', '--cfg-path', '/tmp/tmp8pomry05']
[2026-03-06T09:05:26.468+0000] {logging_mixin.py:188} WARNING - /home/***/.local/lib/python3.12/site-packages/***/task/task_runner/standard_task_runner.py:62 DeprecationWarning: This process (pid=434) is multi-threaded, use of fork() may lead to deadlocks in the child.
[2026-03-06T09:05:26.468+0000] {standard_task_runner.py:91} INFO - Job 65: Subtask write_run_metrics_to_snowflake
[2026-03-06T09:05:26.469+0000] {standard_task_runner.py:64} INFO - Started process 439 to run task
[2026-03-06T09:05:26.510+0000] {task_command.py:426} INFO - Running <TaskInstance: football_daily_pipeline.write_run_metrics_to_snowflake manual__2026-03-06T09:04:51.152573+00:00 [running]> on host 0e15f5aca9c7
[2026-03-06T09:05:26.572+0000] {taskinstance.py:2648} INFO - Exporting env vars: AIRFLOW_CTX_DAG_OWNER='data-engineering' AIRFLOW_CTX_DAG_ID='football_daily_pipeline' AIRFLOW_CTX_TASK_ID='write_run_metrics_to_snowflake' AIRFLOW_CTX_EXECUTION_DATE='2026-03-06T09:04:51.152573+00:00' AIRFLOW_CTX_TRY_NUMBER='1' AIRFLOW_CTX_DAG_RUN_ID='manual__2026-03-06T09:04:51.152573+00:00'
[2026-03-06T09:05:26.573+0000] {taskinstance.py:430} INFO - ::endgroup::
[2026-03-06T09:05:26.603+0000] {connection.py:613} INFO - Snowflake Connector for Python Version: 4.3.0, Python Version: 3.12.4, Platform: Linux-6.6.87.2-microsoft-standard-WSL2-x86_64-with-glibc2.36
[2026-03-06T09:05:26.604+0000] {connection.py:1709} INFO - Connecting to GLOBAL Snowflake domain
[2026-03-06T09:05:27.875+0000] {python.py:237} INFO - Done. Returned value was: None
[2026-03-06T09:05:27.875+0000] {taskinstance.py:441} INFO - ::group::Post task execution logs
[2026-03-06T09:05:27.883+0000] {taskinstance.py:1206} INFO - Marking task as SUCCESS. dag_id=football_daily_pipeline, task_id=write_run_metrics_to_snowflake, run_id=manual__2026-03-06T09:04:51.152573+00:00, execution_date=20260306T090451, start_date=20260306T090526, end_date=20260306T090527
[2026-03-06T09:05:27.926+0000] {local_task_job_runner.py:243} INFO - Task exited with return code 0
[2026-03-06T09:05:27.938+0000] {taskinstance.py:3503} INFO - 0 downstream tasks scheduled from follow-on schedule check
[2026-03-06T09:05:27.941+0000] {local_task_job_runner.py:222} INFO - ::endgroup::
