[2026-03-06T08:33:00.669+0000] {local_task_job_runner.py:120} INFO - ::group::Pre task execution logs
[2026-03-06T08:33:00.690+0000] {taskinstance.py:2076} INFO - Dependencies all met for dep_context=non-requeueable deps ti=<TaskInstance: football_daily_pipeline.load_incremental_minio_to_snowflake manual__2026-03-06T08:32:56.570656+00:00 [queued]>
[2026-03-06T08:33:00.694+0000] {taskinstance.py:2076} INFO - Dependencies all met for dep_context=requeueable deps ti=<TaskInstance: football_daily_pipeline.load_incremental_minio_to_snowflake manual__2026-03-06T08:32:56.570656+00:00 [queued]>
[2026-03-06T08:33:00.695+0000] {taskinstance.py:2306} INFO - Starting attempt 1 of 3
[2026-03-06T08:33:00.703+0000] {taskinstance.py:2330} INFO - Executing <Task(BashOperator): load_incremental_minio_to_snowflake> on 2026-03-06 08:32:56.570656+00:00
[2026-03-06T08:33:00.710+0000] {standard_task_runner.py:90} INFO - Running: ['***', 'tasks', 'run', 'football_daily_pipeline', 'load_incremental_minio_to_snowflake', 'manual__2026-03-06T08:32:56.570656+00:00', '--job-id', '29', '--raw', '--subdir', 'DAGS_FOLDER/football_daily_pipeline.py', '--cfg-path', '/tmp/tmp1t1sj7_k']
[2026-03-06T08:33:00.711+0000] {logging_mixin.py:188} WARNING - /home/***/.local/lib/python3.12/site-packages/***/task/task_runner/standard_task_runner.py:62 DeprecationWarning: This process (pid=212) is multi-threaded, use of fork() may lead to deadlocks in the child.
[2026-03-06T08:33:00.712+0000] {standard_task_runner.py:91} INFO - Job 29: Subtask load_incremental_minio_to_snowflake
[2026-03-06T08:33:00.712+0000] {standard_task_runner.py:64} INFO - Started process 213 to run task
[2026-03-06T08:33:00.752+0000] {task_command.py:426} INFO - Running <TaskInstance: football_daily_pipeline.load_incremental_minio_to_snowflake manual__2026-03-06T08:32:56.570656+00:00 [running]> on host 3cb54ffe9a83
[2026-03-06T08:33:00.810+0000] {taskinstance.py:2648} INFO - Exporting env vars: AIRFLOW_CTX_DAG_OWNER='data-engineering' AIRFLOW_CTX_DAG_ID='football_daily_pipeline' AIRFLOW_CTX_TASK_ID='load_incremental_minio_to_snowflake' AIRFLOW_CTX_EXECUTION_DATE='2026-03-06T08:32:56.570656+00:00' AIRFLOW_CTX_TRY_NUMBER='1' AIRFLOW_CTX_DAG_RUN_ID='manual__2026-03-06T08:32:56.570656+00:00'
[2026-03-06T08:33:00.810+0000] {taskinstance.py:430} INFO - ::endgroup::
[2026-03-06T08:33:00.820+0000] {subprocess.py:63} INFO - Tmp dir root location: /tmp
[2026-03-06T08:33:00.821+0000] {subprocess.py:75} INFO - Running command: ['/usr/bin/bash', '-c', 'cd /opt/***/repo && python -m ingestion.src.load_incremental_matches_to_snowflake']
[2026-03-06T08:33:00.831+0000] {subprocess.py:86} INFO - Output:
[2026-03-06T08:33:03.442+0000] {subprocess.py:93} INFO - 2026-03-06 08:33:03 | INFO | load_incremental_matches_to_snowflake | Found 7 incremental data files
[2026-03-06T08:33:03.443+0000] {subprocess.py:93} INFO - 2026-03-06 08:33:03 | INFO | load_incremental_matches_to_snowflake | Already loaded (by prefix): 12
[2026-03-06T08:33:03.443+0000] {subprocess.py:93} INFO - 2026-03-06 08:33:03 | INFO | load_incremental_matches_to_snowflake | To load now: 1
[2026-03-06T08:33:03.444+0000] {subprocess.py:93} INFO - 2026-03-06 08:33:03 | INFO | load_incremental_matches_to_snowflake | [1/1] Loading data_key=endpoint=matches/competition=PL/dateFrom=2026-03-05/dateTo=2026-03-13/dt=2026-03-06/run_id=ce52022d-c3fa-4dc1-9a51-1af03e967e1b.json
[2026-03-06T08:33:06.208+0000] {subprocess.py:93} INFO - 2026-03-06 08:33:06 | INFO | bronze_snowflake_loader | Upserted RAW_MATCHES for file_key=endpoint=matches/competition=PL/dateFrom=2026-03-05/dateTo=2026-03-13/dt=2026-03-06/run_id=ce52022d-c3fa-4dc1-9a51-1af03e967e1b.json
[2026-03-06T08:33:08.206+0000] {subprocess.py:93} INFO - 2026-03-06 08:33:08 | INFO | bronze_snowflake_loader | Upserted RAW_MANIFESTS for file_key=endpoint=matches/competition=PL/dateFrom=2026-03-05/dateTo=2026-03-13/dt=2026-03-06/run_id=ce52022d-c3fa-4dc1-9a51-1af03e967e1b.manifest.json
[2026-03-06T08:33:09.345+0000] {subprocess.py:93} INFO - 2026-03-06 08:33:09 | INFO | load_incremental_matches_to_snowflake | ✅ Loaded incremental: data_files=1, manifests=1
[2026-03-06T08:33:09.476+0000] {subprocess.py:97} INFO - Command exited with return code 0
[2026-03-06T08:33:09.476+0000] {taskinstance.py:441} INFO - ::group::Post task execution logs
[2026-03-06T08:33:09.496+0000] {taskinstance.py:1206} INFO - Marking task as SUCCESS. dag_id=football_daily_pipeline, task_id=load_incremental_minio_to_snowflake, run_id=manual__2026-03-06T08:32:56.570656+00:00, execution_date=20260306T083256, start_date=20260306T083300, end_date=20260306T083309
[2026-03-06T08:33:09.547+0000] {local_task_job_runner.py:243} INFO - Task exited with return code 0
[2026-03-06T08:33:09.563+0000] {taskinstance.py:3503} INFO - 1 downstream tasks scheduled from follow-on schedule check
[2026-03-06T08:33:09.568+0000] {local_task_job_runner.py:222} INFO - ::endgroup::
