[2026-03-06T08:58:31.372+0000] {local_task_job_runner.py:120} INFO - ::group::Pre task execution logs
[2026-03-06T08:58:31.391+0000] {taskinstance.py:2076} INFO - Dependencies all met for dep_context=non-requeueable deps ti=<TaskInstance: football_daily_pipeline.ingest_matches_incremental_to_minio manual__2026-03-06T08:58:30.328864+00:00 [queued]>
[2026-03-06T08:58:31.395+0000] {taskinstance.py:2076} INFO - Dependencies all met for dep_context=requeueable deps ti=<TaskInstance: football_daily_pipeline.ingest_matches_incremental_to_minio manual__2026-03-06T08:58:30.328864+00:00 [queued]>
[2026-03-06T08:58:31.396+0000] {taskinstance.py:2306} INFO - Starting attempt 1 of 3
[2026-03-06T08:58:31.403+0000] {taskinstance.py:2330} INFO - Executing <Task(BashOperator): ingest_matches_incremental_to_minio> on 2026-03-06 08:58:30.328864+00:00
[2026-03-06T08:58:31.411+0000] {standard_task_runner.py:90} INFO - Running: ['***', 'tasks', 'run', 'football_daily_pipeline', 'ingest_matches_incremental_to_minio', 'manual__2026-03-06T08:58:30.328864+00:00', '--job-id', '45', '--raw', '--subdir', 'DAGS_FOLDER/football_daily_pipeline.py', '--cfg-path', '/tmp/tmp2a97fl4w']
[2026-03-06T08:58:31.413+0000] {logging_mixin.py:188} WARNING - /home/***/.local/lib/python3.12/site-packages/***/task/task_runner/standard_task_runner.py:62 DeprecationWarning: This process (pid=200) is multi-threaded, use of fork() may lead to deadlocks in the child.
[2026-03-06T08:58:31.414+0000] {standard_task_runner.py:91} INFO - Job 45: Subtask ingest_matches_incremental_to_minio
[2026-03-06T08:58:31.414+0000] {standard_task_runner.py:64} INFO - Started process 203 to run task
[2026-03-06T08:58:31.459+0000] {task_command.py:426} INFO - Running <TaskInstance: football_daily_pipeline.ingest_matches_incremental_to_minio manual__2026-03-06T08:58:30.328864+00:00 [running]> on host b92385dc1f3b
[2026-03-06T08:58:31.521+0000] {taskinstance.py:2648} INFO - Exporting env vars: AIRFLOW_CTX_DAG_OWNER='data-engineering' AIRFLOW_CTX_DAG_ID='football_daily_pipeline' AIRFLOW_CTX_TASK_ID='ingest_matches_incremental_to_minio' AIRFLOW_CTX_EXECUTION_DATE='2026-03-06T08:58:30.328864+00:00' AIRFLOW_CTX_TRY_NUMBER='1' AIRFLOW_CTX_DAG_RUN_ID='manual__2026-03-06T08:58:30.328864+00:00'
[2026-03-06T08:58:31.522+0000] {taskinstance.py:430} INFO - ::endgroup::
[2026-03-06T08:58:31.541+0000] {subprocess.py:63} INFO - Tmp dir root location: /tmp
[2026-03-06T08:58:31.542+0000] {subprocess.py:75} INFO - Running command: ['/usr/bin/bash', '-c', 'cd /opt/***/repo && python -m ingestion.src.ingest_matches_incremental']
[2026-03-06T08:58:31.553+0000] {subprocess.py:86} INFO - Output:
[2026-03-06T08:58:32.188+0000] {subprocess.py:93} INFO - 2026-03-06 08:58:32 | INFO | ingest_matches_incremental | Targets: ['PL']
[2026-03-06T08:58:32.189+0000] {subprocess.py:93} INFO - 2026-03-06 08:58:32 | INFO | ingest_matches_incremental | Window: dateFrom=2026-03-05, dateTo=2026-03-13
[2026-03-06T08:58:32.189+0000] {subprocess.py:93} INFO - 2026-03-06 08:58:32 | INFO | ingest_matches_incremental | Fetching matches for competition=PL ...
[2026-03-06T08:58:33.227+0000] {subprocess.py:93} INFO - 2026-03-06 08:58:33 | INFO | ingest_matches_incremental | Saved 1 matches to s3://football-bronze/endpoint=matches/competition=PL/dateFrom=2026-03-05/dateTo=2026-03-13/dt=2026-03-06/run_id=0e9aa123-0dcb-4b20-8baa-d3bd15c58f64.json
[2026-03-06T08:58:33.240+0000] {subprocess.py:93} INFO - 2026-03-06 08:58:33 | INFO | ingest_matches_incremental | Wrote manifest to s3://football-bronze/endpoint=matches/competition=PL/dateFrom=2026-03-05/dateTo=2026-03-13/dt=2026-03-06/run_id=0e9aa123-0dcb-4b20-8baa-d3bd15c58f64.manifest.json
[2026-03-06T08:58:33.240+0000] {subprocess.py:93} INFO - 2026-03-06 08:58:33 | INFO | ingest_matches_incremental | ✅ Incremental matches ingestion complete.
[2026-03-06T08:58:33.297+0000] {subprocess.py:97} INFO - Command exited with return code 0
[2026-03-06T08:58:33.298+0000] {taskinstance.py:441} INFO - ::group::Post task execution logs
[2026-03-06T08:58:33.316+0000] {taskinstance.py:1206} INFO - Marking task as SUCCESS. dag_id=football_daily_pipeline, task_id=ingest_matches_incremental_to_minio, run_id=manual__2026-03-06T08:58:30.328864+00:00, execution_date=20260306T085830, start_date=20260306T085831, end_date=20260306T085833
[2026-03-06T08:58:33.353+0000] {local_task_job_runner.py:243} INFO - Task exited with return code 0
[2026-03-06T08:58:33.372+0000] {taskinstance.py:3503} INFO - 1 downstream tasks scheduled from follow-on schedule check
[2026-03-06T08:58:33.375+0000] {local_task_job_runner.py:222} INFO - ::endgroup::
