[2026-03-06T08:43:13.342+0000] {processor.py:161} INFO - Started process (PID=188) to work on /opt/airflow/dags/football_backfill_manual.py
[2026-03-06T08:43:13.342+0000] {processor.py:830} INFO - Processing file /opt/airflow/dags/football_backfill_manual.py for tasks to queue
[2026-03-06T08:43:13.344+0000] {logging_mixin.py:188} INFO - [2026-03-06T08:43:13.344+0000] {dagbag.py:545} INFO - Filling up the DagBag from /opt/airflow/dags/football_backfill_manual.py
[2026-03-06T08:43:13.363+0000] {logging_mixin.py:188} INFO - [2026-03-06T08:43:13.360+0000] {dagbag.py:355} ERROR - Failed to import: /opt/airflow/dags/football_backfill_manual.py
Traceback (most recent call last):
  File "/home/airflow/.local/lib/python3.12/site-packages/airflow/models/dagbag.py", line 351, in parse
    loader.exec_module(new_module)
  File "<frozen importlib._bootstrap_external>", line 995, in exec_module
  File "<frozen importlib._bootstrap>", line 488, in _call_with_frames_removed
  File "/opt/airflow/dags/football_backfill_manual.py", line 15, in <module>
    with DAG(
         ^^^^
TypeError: DAG.__init__() got an unexpected keyword argument 'timezone'
[2026-03-06T08:43:13.364+0000] {processor.py:842} WARNING - No viable dags retrieved from /opt/airflow/dags/football_backfill_manual.py
[2026-03-06T08:43:13.384+0000] {processor.py:183} INFO - Processing /opt/airflow/dags/football_backfill_manual.py took 0.048 seconds
[2026-03-06T08:43:43.556+0000] {processor.py:161} INFO - Started process (PID=198) to work on /opt/airflow/dags/football_backfill_manual.py
[2026-03-06T08:43:43.557+0000] {processor.py:830} INFO - Processing file /opt/airflow/dags/football_backfill_manual.py for tasks to queue
[2026-03-06T08:43:43.559+0000] {logging_mixin.py:188} INFO - [2026-03-06T08:43:43.559+0000] {dagbag.py:545} INFO - Filling up the DagBag from /opt/airflow/dags/football_backfill_manual.py
[2026-03-06T08:43:43.572+0000] {logging_mixin.py:188} INFO - [2026-03-06T08:43:43.569+0000] {dagbag.py:355} ERROR - Failed to import: /opt/airflow/dags/football_backfill_manual.py
Traceback (most recent call last):
  File "/home/airflow/.local/lib/python3.12/site-packages/airflow/models/dagbag.py", line 351, in parse
    loader.exec_module(new_module)
  File "<frozen importlib._bootstrap_external>", line 995, in exec_module
  File "<frozen importlib._bootstrap>", line 488, in _call_with_frames_removed
  File "/opt/airflow/dags/football_backfill_manual.py", line 15, in <module>
    with DAG(
         ^^^^
TypeError: DAG.__init__() got an unexpected keyword argument 'timezone'
[2026-03-06T08:43:43.574+0000] {processor.py:842} WARNING - No viable dags retrieved from /opt/airflow/dags/football_backfill_manual.py
[2026-03-06T08:43:43.593+0000] {processor.py:183} INFO - Processing /opt/airflow/dags/football_backfill_manual.py took 0.042 seconds
[2026-03-06T08:44:13.767+0000] {processor.py:161} INFO - Started process (PID=208) to work on /opt/airflow/dags/football_backfill_manual.py
[2026-03-06T08:44:13.768+0000] {processor.py:830} INFO - Processing file /opt/airflow/dags/football_backfill_manual.py for tasks to queue
[2026-03-06T08:44:13.769+0000] {logging_mixin.py:188} INFO - [2026-03-06T08:44:13.769+0000] {dagbag.py:545} INFO - Filling up the DagBag from /opt/airflow/dags/football_backfill_manual.py
[2026-03-06T08:44:13.781+0000] {logging_mixin.py:188} INFO - [2026-03-06T08:44:13.778+0000] {dagbag.py:355} ERROR - Failed to import: /opt/airflow/dags/football_backfill_manual.py
Traceback (most recent call last):
  File "/home/airflow/.local/lib/python3.12/site-packages/airflow/models/dagbag.py", line 351, in parse
    loader.exec_module(new_module)
  File "<frozen importlib._bootstrap_external>", line 995, in exec_module
  File "<frozen importlib._bootstrap>", line 488, in _call_with_frames_removed
  File "/opt/airflow/dags/football_backfill_manual.py", line 15, in <module>
    with DAG(
         ^^^^
TypeError: DAG.__init__() got an unexpected keyword argument 'timezone'
[2026-03-06T08:44:13.782+0000] {processor.py:842} WARNING - No viable dags retrieved from /opt/airflow/dags/football_backfill_manual.py
[2026-03-06T08:44:13.805+0000] {processor.py:183} INFO - Processing /opt/airflow/dags/football_backfill_manual.py took 0.043 seconds
[2026-03-06T08:44:37.959+0000] {processor.py:161} INFO - Started process (PID=218) to work on /opt/airflow/dags/football_backfill_manual.py
[2026-03-06T08:44:37.959+0000] {processor.py:830} INFO - Processing file /opt/airflow/dags/football_backfill_manual.py for tasks to queue
[2026-03-06T08:44:37.961+0000] {logging_mixin.py:188} INFO - [2026-03-06T08:44:37.960+0000] {dagbag.py:545} INFO - Filling up the DagBag from /opt/airflow/dags/football_backfill_manual.py
[2026-03-06T08:44:37.981+0000] {processor.py:840} INFO - DAG(s) 'football_backfill_manual' retrieved from /opt/airflow/dags/football_backfill_manual.py
[2026-03-06T08:44:38.086+0000] {logging_mixin.py:188} INFO - [2026-03-06T08:44:38.086+0000] {override.py:1858} INFO - Created Permission View: can read on DAG:football_backfill_manual
[2026-03-06T08:44:38.093+0000] {logging_mixin.py:188} INFO - [2026-03-06T08:44:38.093+0000] {override.py:1858} INFO - Created Permission View: can edit on DAG:football_backfill_manual
[2026-03-06T08:44:38.098+0000] {logging_mixin.py:188} INFO - [2026-03-06T08:44:38.098+0000] {override.py:1858} INFO - Created Permission View: can delete on DAG:football_backfill_manual
[2026-03-06T08:44:38.099+0000] {logging_mixin.py:188} INFO - [2026-03-06T08:44:38.098+0000] {dag.py:3089} INFO - Sync 1 DAGs
[2026-03-06T08:44:38.105+0000] {logging_mixin.py:188} INFO - [2026-03-06T08:44:38.105+0000] {dag.py:3111} INFO - Creating ORM DAG for football_backfill_manual
[2026-03-06T08:44:38.106+0000] {logging_mixin.py:188} INFO - [2026-03-06T08:44:38.105+0000] {dag.py:3947} INFO - Setting next_dagrun for football_backfill_manual to None, run_after=None
[2026-03-06T08:44:38.125+0000] {processor.py:183} INFO - Processing /opt/airflow/dags/football_backfill_manual.py took 0.170 seconds
[2026-03-06T08:44:49.833+0000] {processor.py:161} INFO - Started process (PID=188) to work on /opt/airflow/dags/football_backfill_manual.py
[2026-03-06T08:44:49.834+0000] {processor.py:830} INFO - Processing file /opt/airflow/dags/football_backfill_manual.py for tasks to queue
[2026-03-06T08:44:49.835+0000] {logging_mixin.py:188} INFO - [2026-03-06T08:44:49.835+0000] {dagbag.py:545} INFO - Filling up the DagBag from /opt/airflow/dags/football_backfill_manual.py
[2026-03-06T08:44:49.851+0000] {processor.py:840} INFO - DAG(s) 'football_backfill_manual' retrieved from /opt/airflow/dags/football_backfill_manual.py
[2026-03-06T08:44:49.878+0000] {logging_mixin.py:188} INFO - [2026-03-06T08:44:49.878+0000] {dag.py:3089} INFO - Sync 1 DAGs
[2026-03-06T08:44:49.888+0000] {logging_mixin.py:188} INFO - [2026-03-06T08:44:49.888+0000] {dag.py:3947} INFO - Setting next_dagrun for football_backfill_manual to None, run_after=None
[2026-03-06T08:44:49.905+0000] {processor.py:183} INFO - Processing /opt/airflow/dags/football_backfill_manual.py took 0.077 seconds
[2026-03-06T08:45:20.081+0000] {processor.py:161} INFO - Started process (PID=198) to work on /opt/airflow/dags/football_backfill_manual.py
[2026-03-06T08:45:20.082+0000] {processor.py:830} INFO - Processing file /opt/airflow/dags/football_backfill_manual.py for tasks to queue
[2026-03-06T08:45:20.085+0000] {logging_mixin.py:188} INFO - [2026-03-06T08:45:20.084+0000] {dagbag.py:545} INFO - Filling up the DagBag from /opt/airflow/dags/football_backfill_manual.py
[2026-03-06T08:45:20.103+0000] {processor.py:840} INFO - DAG(s) 'football_backfill_manual' retrieved from /opt/airflow/dags/football_backfill_manual.py
[2026-03-06T08:45:20.131+0000] {logging_mixin.py:188} INFO - [2026-03-06T08:45:20.131+0000] {dag.py:3089} INFO - Sync 1 DAGs
[2026-03-06T08:45:20.143+0000] {logging_mixin.py:188} INFO - [2026-03-06T08:45:20.143+0000] {dag.py:3947} INFO - Setting next_dagrun for football_backfill_manual to None, run_after=None
[2026-03-06T08:45:20.161+0000] {processor.py:183} INFO - Processing /opt/airflow/dags/football_backfill_manual.py took 0.085 seconds
[2026-03-06T08:45:50.334+0000] {processor.py:161} INFO - Started process (PID=208) to work on /opt/airflow/dags/football_backfill_manual.py
[2026-03-06T08:45:50.335+0000] {processor.py:830} INFO - Processing file /opt/airflow/dags/football_backfill_manual.py for tasks to queue
[2026-03-06T08:45:50.336+0000] {logging_mixin.py:188} INFO - [2026-03-06T08:45:50.336+0000] {dagbag.py:545} INFO - Filling up the DagBag from /opt/airflow/dags/football_backfill_manual.py
[2026-03-06T08:45:50.353+0000] {processor.py:840} INFO - DAG(s) 'football_backfill_manual' retrieved from /opt/airflow/dags/football_backfill_manual.py
[2026-03-06T08:45:50.381+0000] {logging_mixin.py:188} INFO - [2026-03-06T08:45:50.380+0000] {dag.py:3089} INFO - Sync 1 DAGs
[2026-03-06T08:45:50.390+0000] {logging_mixin.py:188} INFO - [2026-03-06T08:45:50.390+0000] {dag.py:3947} INFO - Setting next_dagrun for football_backfill_manual to None, run_after=None
[2026-03-06T08:45:50.403+0000] {processor.py:183} INFO - Processing /opt/airflow/dags/football_backfill_manual.py took 0.073 seconds
[2026-03-06T08:46:20.569+0000] {processor.py:161} INFO - Started process (PID=218) to work on /opt/airflow/dags/football_backfill_manual.py
[2026-03-06T08:46:20.570+0000] {processor.py:830} INFO - Processing file /opt/airflow/dags/football_backfill_manual.py for tasks to queue
[2026-03-06T08:46:20.571+0000] {logging_mixin.py:188} INFO - [2026-03-06T08:46:20.570+0000] {dagbag.py:545} INFO - Filling up the DagBag from /opt/airflow/dags/football_backfill_manual.py
[2026-03-06T08:46:20.585+0000] {processor.py:840} INFO - DAG(s) 'football_backfill_manual' retrieved from /opt/airflow/dags/football_backfill_manual.py
[2026-03-06T08:46:20.610+0000] {logging_mixin.py:188} INFO - [2026-03-06T08:46:20.610+0000] {dag.py:3089} INFO - Sync 1 DAGs
[2026-03-06T08:46:20.620+0000] {logging_mixin.py:188} INFO - [2026-03-06T08:46:20.620+0000] {dag.py:3947} INFO - Setting next_dagrun for football_backfill_manual to None, run_after=None
[2026-03-06T08:46:20.635+0000] {processor.py:183} INFO - Processing /opt/airflow/dags/football_backfill_manual.py took 0.070 seconds
[2026-03-06T08:46:50.803+0000] {processor.py:161} INFO - Started process (PID=228) to work on /opt/airflow/dags/football_backfill_manual.py
[2026-03-06T08:46:50.804+0000] {processor.py:830} INFO - Processing file /opt/airflow/dags/football_backfill_manual.py for tasks to queue
[2026-03-06T08:46:50.805+0000] {logging_mixin.py:188} INFO - [2026-03-06T08:46:50.805+0000] {dagbag.py:545} INFO - Filling up the DagBag from /opt/airflow/dags/football_backfill_manual.py
[2026-03-06T08:46:50.819+0000] {processor.py:840} INFO - DAG(s) 'football_backfill_manual' retrieved from /opt/airflow/dags/football_backfill_manual.py
[2026-03-06T08:46:50.843+0000] {logging_mixin.py:188} INFO - [2026-03-06T08:46:50.843+0000] {dag.py:3089} INFO - Sync 1 DAGs
[2026-03-06T08:46:50.852+0000] {logging_mixin.py:188} INFO - [2026-03-06T08:46:50.851+0000] {dag.py:3947} INFO - Setting next_dagrun for football_backfill_manual to None, run_after=None
[2026-03-06T08:46:50.864+0000] {processor.py:183} INFO - Processing /opt/airflow/dags/football_backfill_manual.py took 0.065 seconds
[2026-03-06T08:47:21.039+0000] {processor.py:161} INFO - Started process (PID=238) to work on /opt/airflow/dags/football_backfill_manual.py
[2026-03-06T08:47:21.040+0000] {processor.py:830} INFO - Processing file /opt/airflow/dags/football_backfill_manual.py for tasks to queue
[2026-03-06T08:47:21.041+0000] {logging_mixin.py:188} INFO - [2026-03-06T08:47:21.041+0000] {dagbag.py:545} INFO - Filling up the DagBag from /opt/airflow/dags/football_backfill_manual.py
[2026-03-06T08:47:21.054+0000] {processor.py:840} INFO - DAG(s) 'football_backfill_manual' retrieved from /opt/airflow/dags/football_backfill_manual.py
[2026-03-06T08:47:21.077+0000] {logging_mixin.py:188} INFO - [2026-03-06T08:47:21.077+0000] {dag.py:3089} INFO - Sync 1 DAGs
[2026-03-06T08:47:21.086+0000] {logging_mixin.py:188} INFO - [2026-03-06T08:47:21.086+0000] {dag.py:3947} INFO - Setting next_dagrun for football_backfill_manual to None, run_after=None
[2026-03-06T08:47:21.100+0000] {processor.py:183} INFO - Processing /opt/airflow/dags/football_backfill_manual.py took 0.064 seconds
[2026-03-06T08:47:51.270+0000] {processor.py:161} INFO - Started process (PID=248) to work on /opt/airflow/dags/football_backfill_manual.py
[2026-03-06T08:47:51.271+0000] {processor.py:830} INFO - Processing file /opt/airflow/dags/football_backfill_manual.py for tasks to queue
[2026-03-06T08:47:51.272+0000] {logging_mixin.py:188} INFO - [2026-03-06T08:47:51.272+0000] {dagbag.py:545} INFO - Filling up the DagBag from /opt/airflow/dags/football_backfill_manual.py
[2026-03-06T08:47:51.285+0000] {processor.py:840} INFO - DAG(s) 'football_backfill_manual' retrieved from /opt/airflow/dags/football_backfill_manual.py
[2026-03-06T08:47:51.307+0000] {logging_mixin.py:188} INFO - [2026-03-06T08:47:51.307+0000] {dag.py:3089} INFO - Sync 1 DAGs
[2026-03-06T08:47:51.317+0000] {logging_mixin.py:188} INFO - [2026-03-06T08:47:51.317+0000] {dag.py:3947} INFO - Setting next_dagrun for football_backfill_manual to None, run_after=None
[2026-03-06T08:47:51.331+0000] {processor.py:183} INFO - Processing /opt/airflow/dags/football_backfill_manual.py took 0.065 seconds
[2026-03-06T08:48:21.502+0000] {processor.py:161} INFO - Started process (PID=258) to work on /opt/airflow/dags/football_backfill_manual.py
[2026-03-06T08:48:21.503+0000] {processor.py:830} INFO - Processing file /opt/airflow/dags/football_backfill_manual.py for tasks to queue
[2026-03-06T08:48:21.504+0000] {logging_mixin.py:188} INFO - [2026-03-06T08:48:21.504+0000] {dagbag.py:545} INFO - Filling up the DagBag from /opt/airflow/dags/football_backfill_manual.py
[2026-03-06T08:48:21.519+0000] {processor.py:840} INFO - DAG(s) 'football_backfill_manual' retrieved from /opt/airflow/dags/football_backfill_manual.py
[2026-03-06T08:48:21.543+0000] {logging_mixin.py:188} INFO - [2026-03-06T08:48:21.543+0000] {dag.py:3089} INFO - Sync 1 DAGs
[2026-03-06T08:48:21.552+0000] {logging_mixin.py:188} INFO - [2026-03-06T08:48:21.552+0000] {dag.py:3947} INFO - Setting next_dagrun for football_backfill_manual to None, run_after=None
[2026-03-06T08:48:21.565+0000] {processor.py:183} INFO - Processing /opt/airflow/dags/football_backfill_manual.py took 0.067 seconds
[2026-03-06T08:48:51.737+0000] {processor.py:161} INFO - Started process (PID=268) to work on /opt/airflow/dags/football_backfill_manual.py
[2026-03-06T08:48:51.737+0000] {processor.py:830} INFO - Processing file /opt/airflow/dags/football_backfill_manual.py for tasks to queue
[2026-03-06T08:48:51.739+0000] {logging_mixin.py:188} INFO - [2026-03-06T08:48:51.738+0000] {dagbag.py:545} INFO - Filling up the DagBag from /opt/airflow/dags/football_backfill_manual.py
[2026-03-06T08:48:51.753+0000] {processor.py:840} INFO - DAG(s) 'football_backfill_manual' retrieved from /opt/airflow/dags/football_backfill_manual.py
[2026-03-06T08:48:51.777+0000] {logging_mixin.py:188} INFO - [2026-03-06T08:48:51.776+0000] {dag.py:3089} INFO - Sync 1 DAGs
[2026-03-06T08:48:51.786+0000] {logging_mixin.py:188} INFO - [2026-03-06T08:48:51.785+0000] {dag.py:3947} INFO - Setting next_dagrun for football_backfill_manual to None, run_after=None
[2026-03-06T08:48:51.799+0000] {processor.py:183} INFO - Processing /opt/airflow/dags/football_backfill_manual.py took 0.066 seconds
[2026-03-06T08:49:21.974+0000] {processor.py:161} INFO - Started process (PID=278) to work on /opt/airflow/dags/football_backfill_manual.py
[2026-03-06T08:49:21.975+0000] {processor.py:830} INFO - Processing file /opt/airflow/dags/football_backfill_manual.py for tasks to queue
[2026-03-06T08:49:21.977+0000] {logging_mixin.py:188} INFO - [2026-03-06T08:49:21.976+0000] {dagbag.py:545} INFO - Filling up the DagBag from /opt/airflow/dags/football_backfill_manual.py
[2026-03-06T08:49:21.992+0000] {processor.py:840} INFO - DAG(s) 'football_backfill_manual' retrieved from /opt/airflow/dags/football_backfill_manual.py
[2026-03-06T08:49:22.018+0000] {logging_mixin.py:188} INFO - [2026-03-06T08:49:22.018+0000] {dag.py:3089} INFO - Sync 1 DAGs
[2026-03-06T08:49:22.028+0000] {logging_mixin.py:188} INFO - [2026-03-06T08:49:22.027+0000] {dag.py:3947} INFO - Setting next_dagrun for football_backfill_manual to None, run_after=None
[2026-03-06T08:49:22.043+0000] {processor.py:183} INFO - Processing /opt/airflow/dags/football_backfill_manual.py took 0.073 seconds
[2026-03-06T08:49:52.248+0000] {processor.py:161} INFO - Started process (PID=288) to work on /opt/airflow/dags/football_backfill_manual.py
[2026-03-06T08:49:52.249+0000] {processor.py:830} INFO - Processing file /opt/airflow/dags/football_backfill_manual.py for tasks to queue
[2026-03-06T08:49:52.250+0000] {logging_mixin.py:188} INFO - [2026-03-06T08:49:52.250+0000] {dagbag.py:545} INFO - Filling up the DagBag from /opt/airflow/dags/football_backfill_manual.py
[2026-03-06T08:49:52.267+0000] {processor.py:840} INFO - DAG(s) 'football_backfill_manual' retrieved from /opt/airflow/dags/football_backfill_manual.py
[2026-03-06T08:49:52.293+0000] {logging_mixin.py:188} INFO - [2026-03-06T08:49:52.293+0000] {dag.py:3089} INFO - Sync 1 DAGs
[2026-03-06T08:49:52.303+0000] {logging_mixin.py:188} INFO - [2026-03-06T08:49:52.302+0000] {dag.py:3947} INFO - Setting next_dagrun for football_backfill_manual to None, run_after=None
[2026-03-06T08:49:52.320+0000] {processor.py:183} INFO - Processing /opt/airflow/dags/football_backfill_manual.py took 0.078 seconds
[2026-03-06T08:50:22.490+0000] {processor.py:161} INFO - Started process (PID=298) to work on /opt/airflow/dags/football_backfill_manual.py
[2026-03-06T08:50:22.491+0000] {processor.py:830} INFO - Processing file /opt/airflow/dags/football_backfill_manual.py for tasks to queue
[2026-03-06T08:50:22.492+0000] {logging_mixin.py:188} INFO - [2026-03-06T08:50:22.492+0000] {dagbag.py:545} INFO - Filling up the DagBag from /opt/airflow/dags/football_backfill_manual.py
[2026-03-06T08:50:22.507+0000] {processor.py:840} INFO - DAG(s) 'football_backfill_manual' retrieved from /opt/airflow/dags/football_backfill_manual.py
[2026-03-06T08:50:22.531+0000] {logging_mixin.py:188} INFO - [2026-03-06T08:50:22.531+0000] {dag.py:3089} INFO - Sync 1 DAGs
[2026-03-06T08:50:22.541+0000] {logging_mixin.py:188} INFO - [2026-03-06T08:50:22.541+0000] {dag.py:3947} INFO - Setting next_dagrun for football_backfill_manual to None, run_after=None
[2026-03-06T08:50:22.555+0000] {processor.py:183} INFO - Processing /opt/airflow/dags/football_backfill_manual.py took 0.068 seconds
[2026-03-06T08:50:52.725+0000] {processor.py:161} INFO - Started process (PID=308) to work on /opt/airflow/dags/football_backfill_manual.py
[2026-03-06T08:50:52.725+0000] {processor.py:830} INFO - Processing file /opt/airflow/dags/football_backfill_manual.py for tasks to queue
[2026-03-06T08:50:52.727+0000] {logging_mixin.py:188} INFO - [2026-03-06T08:50:52.726+0000] {dagbag.py:545} INFO - Filling up the DagBag from /opt/airflow/dags/football_backfill_manual.py
[2026-03-06T08:50:52.742+0000] {processor.py:840} INFO - DAG(s) 'football_backfill_manual' retrieved from /opt/airflow/dags/football_backfill_manual.py
[2026-03-06T08:50:52.769+0000] {logging_mixin.py:188} INFO - [2026-03-06T08:50:52.769+0000] {dag.py:3089} INFO - Sync 1 DAGs
[2026-03-06T08:50:52.779+0000] {logging_mixin.py:188} INFO - [2026-03-06T08:50:52.779+0000] {dag.py:3947} INFO - Setting next_dagrun for football_backfill_manual to None, run_after=None
[2026-03-06T08:50:52.794+0000] {processor.py:183} INFO - Processing /opt/airflow/dags/football_backfill_manual.py took 0.073 seconds
[2026-03-06T08:51:22.973+0000] {processor.py:161} INFO - Started process (PID=318) to work on /opt/airflow/dags/football_backfill_manual.py
[2026-03-06T08:51:22.974+0000] {processor.py:830} INFO - Processing file /opt/airflow/dags/football_backfill_manual.py for tasks to queue
[2026-03-06T08:51:22.976+0000] {logging_mixin.py:188} INFO - [2026-03-06T08:51:22.975+0000] {dagbag.py:545} INFO - Filling up the DagBag from /opt/airflow/dags/football_backfill_manual.py
[2026-03-06T08:51:22.990+0000] {processor.py:840} INFO - DAG(s) 'football_backfill_manual' retrieved from /opt/airflow/dags/football_backfill_manual.py
[2026-03-06T08:51:23.022+0000] {logging_mixin.py:188} INFO - [2026-03-06T08:51:23.022+0000] {dag.py:3089} INFO - Sync 1 DAGs
[2026-03-06T08:51:23.035+0000] {logging_mixin.py:188} INFO - [2026-03-06T08:51:23.035+0000] {dag.py:3947} INFO - Setting next_dagrun for football_backfill_manual to None, run_after=None
[2026-03-06T08:51:23.053+0000] {processor.py:183} INFO - Processing /opt/airflow/dags/football_backfill_manual.py took 0.084 seconds
[2026-03-06T08:51:53.224+0000] {processor.py:161} INFO - Started process (PID=328) to work on /opt/airflow/dags/football_backfill_manual.py
[2026-03-06T08:51:53.224+0000] {processor.py:830} INFO - Processing file /opt/airflow/dags/football_backfill_manual.py for tasks to queue
[2026-03-06T08:51:53.226+0000] {logging_mixin.py:188} INFO - [2026-03-06T08:51:53.226+0000] {dagbag.py:545} INFO - Filling up the DagBag from /opt/airflow/dags/football_backfill_manual.py
[2026-03-06T08:51:53.239+0000] {processor.py:840} INFO - DAG(s) 'football_backfill_manual' retrieved from /opt/airflow/dags/football_backfill_manual.py
[2026-03-06T08:51:53.265+0000] {logging_mixin.py:188} INFO - [2026-03-06T08:51:53.265+0000] {dag.py:3089} INFO - Sync 1 DAGs
[2026-03-06T08:51:53.276+0000] {logging_mixin.py:188} INFO - [2026-03-06T08:51:53.275+0000] {dag.py:3947} INFO - Setting next_dagrun for football_backfill_manual to None, run_after=None
[2026-03-06T08:51:53.293+0000] {processor.py:183} INFO - Processing /opt/airflow/dags/football_backfill_manual.py took 0.072 seconds
[2026-03-06T08:52:23.378+0000] {processor.py:161} INFO - Started process (PID=338) to work on /opt/airflow/dags/football_backfill_manual.py
[2026-03-06T08:52:23.379+0000] {processor.py:830} INFO - Processing file /opt/airflow/dags/football_backfill_manual.py for tasks to queue
[2026-03-06T08:52:23.380+0000] {logging_mixin.py:188} INFO - [2026-03-06T08:52:23.380+0000] {dagbag.py:545} INFO - Filling up the DagBag from /opt/airflow/dags/football_backfill_manual.py
[2026-03-06T08:52:23.393+0000] {processor.py:840} INFO - DAG(s) 'football_backfill_manual' retrieved from /opt/airflow/dags/football_backfill_manual.py
[2026-03-06T08:52:23.416+0000] {logging_mixin.py:188} INFO - [2026-03-06T08:52:23.416+0000] {dag.py:3089} INFO - Sync 1 DAGs
[2026-03-06T08:52:23.425+0000] {logging_mixin.py:188} INFO - [2026-03-06T08:52:23.425+0000] {dag.py:3947} INFO - Setting next_dagrun for football_backfill_manual to None, run_after=None
[2026-03-06T08:52:23.438+0000] {processor.py:183} INFO - Processing /opt/airflow/dags/football_backfill_manual.py took 0.064 seconds
[2026-03-06T08:52:53.604+0000] {processor.py:161} INFO - Started process (PID=348) to work on /opt/airflow/dags/football_backfill_manual.py
[2026-03-06T08:52:53.605+0000] {processor.py:830} INFO - Processing file /opt/airflow/dags/football_backfill_manual.py for tasks to queue
[2026-03-06T08:52:53.606+0000] {logging_mixin.py:188} INFO - [2026-03-06T08:52:53.606+0000] {dagbag.py:545} INFO - Filling up the DagBag from /opt/airflow/dags/football_backfill_manual.py
[2026-03-06T08:52:53.621+0000] {processor.py:840} INFO - DAG(s) 'football_backfill_manual' retrieved from /opt/airflow/dags/football_backfill_manual.py
[2026-03-06T08:52:53.648+0000] {logging_mixin.py:188} INFO - [2026-03-06T08:52:53.648+0000] {dag.py:3089} INFO - Sync 1 DAGs
[2026-03-06T08:52:53.657+0000] {logging_mixin.py:188} INFO - [2026-03-06T08:52:53.657+0000] {dag.py:3947} INFO - Setting next_dagrun for football_backfill_manual to None, run_after=None
[2026-03-06T08:52:53.672+0000] {processor.py:183} INFO - Processing /opt/airflow/dags/football_backfill_manual.py took 0.071 seconds
[2026-03-06T08:53:23.837+0000] {processor.py:161} INFO - Started process (PID=358) to work on /opt/airflow/dags/football_backfill_manual.py
[2026-03-06T08:53:23.838+0000] {processor.py:830} INFO - Processing file /opt/airflow/dags/football_backfill_manual.py for tasks to queue
[2026-03-06T08:53:23.839+0000] {logging_mixin.py:188} INFO - [2026-03-06T08:53:23.839+0000] {dagbag.py:545} INFO - Filling up the DagBag from /opt/airflow/dags/football_backfill_manual.py
[2026-03-06T08:53:23.852+0000] {processor.py:840} INFO - DAG(s) 'football_backfill_manual' retrieved from /opt/airflow/dags/football_backfill_manual.py
[2026-03-06T08:53:23.875+0000] {logging_mixin.py:188} INFO - [2026-03-06T08:53:23.875+0000] {dag.py:3089} INFO - Sync 1 DAGs
[2026-03-06T08:53:23.884+0000] {logging_mixin.py:188} INFO - [2026-03-06T08:53:23.884+0000] {dag.py:3947} INFO - Setting next_dagrun for football_backfill_manual to None, run_after=None
[2026-03-06T08:53:23.900+0000] {processor.py:183} INFO - Processing /opt/airflow/dags/football_backfill_manual.py took 0.066 seconds
[2026-03-06T08:53:54.077+0000] {processor.py:161} INFO - Started process (PID=368) to work on /opt/airflow/dags/football_backfill_manual.py
[2026-03-06T08:53:54.078+0000] {processor.py:830} INFO - Processing file /opt/airflow/dags/football_backfill_manual.py for tasks to queue
[2026-03-06T08:53:54.079+0000] {logging_mixin.py:188} INFO - [2026-03-06T08:53:54.079+0000] {dagbag.py:545} INFO - Filling up the DagBag from /opt/airflow/dags/football_backfill_manual.py
[2026-03-06T08:53:54.093+0000] {processor.py:840} INFO - DAG(s) 'football_backfill_manual' retrieved from /opt/airflow/dags/football_backfill_manual.py
[2026-03-06T08:53:54.117+0000] {logging_mixin.py:188} INFO - [2026-03-06T08:53:54.117+0000] {dag.py:3089} INFO - Sync 1 DAGs
[2026-03-06T08:53:54.126+0000] {logging_mixin.py:188} INFO - [2026-03-06T08:53:54.126+0000] {dag.py:3947} INFO - Setting next_dagrun for football_backfill_manual to None, run_after=None
[2026-03-06T08:53:54.141+0000] {processor.py:183} INFO - Processing /opt/airflow/dags/football_backfill_manual.py took 0.068 seconds
[2026-03-06T08:54:24.311+0000] {processor.py:161} INFO - Started process (PID=378) to work on /opt/airflow/dags/football_backfill_manual.py
[2026-03-06T08:54:24.312+0000] {processor.py:830} INFO - Processing file /opt/airflow/dags/football_backfill_manual.py for tasks to queue
[2026-03-06T08:54:24.313+0000] {logging_mixin.py:188} INFO - [2026-03-06T08:54:24.313+0000] {dagbag.py:545} INFO - Filling up the DagBag from /opt/airflow/dags/football_backfill_manual.py
[2026-03-06T08:54:24.326+0000] {processor.py:840} INFO - DAG(s) 'football_backfill_manual' retrieved from /opt/airflow/dags/football_backfill_manual.py
[2026-03-06T08:54:24.349+0000] {logging_mixin.py:188} INFO - [2026-03-06T08:54:24.349+0000] {dag.py:3089} INFO - Sync 1 DAGs
[2026-03-06T08:54:24.358+0000] {logging_mixin.py:188} INFO - [2026-03-06T08:54:24.358+0000] {dag.py:3947} INFO - Setting next_dagrun for football_backfill_manual to None, run_after=None
[2026-03-06T08:54:24.373+0000] {processor.py:183} INFO - Processing /opt/airflow/dags/football_backfill_manual.py took 0.066 seconds
[2026-03-06T08:54:54.581+0000] {processor.py:161} INFO - Started process (PID=388) to work on /opt/airflow/dags/football_backfill_manual.py
[2026-03-06T08:54:54.582+0000] {processor.py:830} INFO - Processing file /opt/airflow/dags/football_backfill_manual.py for tasks to queue
[2026-03-06T08:54:54.584+0000] {logging_mixin.py:188} INFO - [2026-03-06T08:54:54.583+0000] {dagbag.py:545} INFO - Filling up the DagBag from /opt/airflow/dags/football_backfill_manual.py
[2026-03-06T08:54:54.600+0000] {processor.py:840} INFO - DAG(s) 'football_backfill_manual' retrieved from /opt/airflow/dags/football_backfill_manual.py
[2026-03-06T08:54:54.626+0000] {logging_mixin.py:188} INFO - [2026-03-06T08:54:54.626+0000] {dag.py:3089} INFO - Sync 1 DAGs
[2026-03-06T08:54:54.636+0000] {logging_mixin.py:188} INFO - [2026-03-06T08:54:54.636+0000] {dag.py:3947} INFO - Setting next_dagrun for football_backfill_manual to None, run_after=None
[2026-03-06T08:54:54.654+0000] {processor.py:183} INFO - Processing /opt/airflow/dags/football_backfill_manual.py took 0.076 seconds
[2026-03-06T08:55:24.819+0000] {processor.py:161} INFO - Started process (PID=398) to work on /opt/airflow/dags/football_backfill_manual.py
[2026-03-06T08:55:24.820+0000] {processor.py:830} INFO - Processing file /opt/airflow/dags/football_backfill_manual.py for tasks to queue
[2026-03-06T08:55:24.821+0000] {logging_mixin.py:188} INFO - [2026-03-06T08:55:24.821+0000] {dagbag.py:545} INFO - Filling up the DagBag from /opt/airflow/dags/football_backfill_manual.py
[2026-03-06T08:55:24.835+0000] {processor.py:840} INFO - DAG(s) 'football_backfill_manual' retrieved from /opt/airflow/dags/football_backfill_manual.py
[2026-03-06T08:55:24.859+0000] {logging_mixin.py:188} INFO - [2026-03-06T08:55:24.859+0000] {dag.py:3089} INFO - Sync 1 DAGs
[2026-03-06T08:55:24.868+0000] {logging_mixin.py:188} INFO - [2026-03-06T08:55:24.868+0000] {dag.py:3947} INFO - Setting next_dagrun for football_backfill_manual to None, run_after=None
[2026-03-06T08:55:24.881+0000] {processor.py:183} INFO - Processing /opt/airflow/dags/football_backfill_manual.py took 0.067 seconds
[2026-03-06T08:55:55.082+0000] {processor.py:161} INFO - Started process (PID=415) to work on /opt/airflow/dags/football_backfill_manual.py
[2026-03-06T08:55:55.083+0000] {processor.py:830} INFO - Processing file /opt/airflow/dags/football_backfill_manual.py for tasks to queue
[2026-03-06T08:55:55.084+0000] {logging_mixin.py:188} INFO - [2026-03-06T08:55:55.084+0000] {dagbag.py:545} INFO - Filling up the DagBag from /opt/airflow/dags/football_backfill_manual.py
[2026-03-06T08:55:55.098+0000] {processor.py:840} INFO - DAG(s) 'football_backfill_manual' retrieved from /opt/airflow/dags/football_backfill_manual.py
[2026-03-06T08:55:55.122+0000] {logging_mixin.py:188} INFO - [2026-03-06T08:55:55.121+0000] {dag.py:3089} INFO - Sync 1 DAGs
[2026-03-06T08:55:55.131+0000] {logging_mixin.py:188} INFO - [2026-03-06T08:55:55.131+0000] {dag.py:3947} INFO - Setting next_dagrun for football_backfill_manual to None, run_after=None
[2026-03-06T08:55:55.148+0000] {processor.py:183} INFO - Processing /opt/airflow/dags/football_backfill_manual.py took 0.070 seconds
[2026-03-06T08:56:25.298+0000] {processor.py:161} INFO - Started process (PID=427) to work on /opt/airflow/dags/football_backfill_manual.py
[2026-03-06T08:56:25.299+0000] {processor.py:830} INFO - Processing file /opt/airflow/dags/football_backfill_manual.py for tasks to queue
[2026-03-06T08:56:25.300+0000] {logging_mixin.py:188} INFO - [2026-03-06T08:56:25.300+0000] {dagbag.py:545} INFO - Filling up the DagBag from /opt/airflow/dags/football_backfill_manual.py
[2026-03-06T08:56:25.313+0000] {processor.py:840} INFO - DAG(s) 'football_backfill_manual' retrieved from /opt/airflow/dags/football_backfill_manual.py
[2026-03-06T08:56:25.333+0000] {logging_mixin.py:188} INFO - [2026-03-06T08:56:25.333+0000] {dag.py:3089} INFO - Sync 1 DAGs
[2026-03-06T08:56:25.342+0000] {logging_mixin.py:188} INFO - [2026-03-06T08:56:25.342+0000] {dag.py:3947} INFO - Setting next_dagrun for football_backfill_manual to None, run_after=None
[2026-03-06T08:56:25.356+0000] {processor.py:183} INFO - Processing /opt/airflow/dags/football_backfill_manual.py took 0.062 seconds
[2026-03-06T08:56:55.504+0000] {processor.py:161} INFO - Started process (PID=439) to work on /opt/airflow/dags/football_backfill_manual.py
[2026-03-06T08:56:55.504+0000] {processor.py:830} INFO - Processing file /opt/airflow/dags/football_backfill_manual.py for tasks to queue
[2026-03-06T08:56:55.505+0000] {logging_mixin.py:188} INFO - [2026-03-06T08:56:55.505+0000] {dagbag.py:545} INFO - Filling up the DagBag from /opt/airflow/dags/football_backfill_manual.py
[2026-03-06T08:56:55.521+0000] {processor.py:840} INFO - DAG(s) 'football_backfill_manual' retrieved from /opt/airflow/dags/football_backfill_manual.py
[2026-03-06T08:56:55.544+0000] {logging_mixin.py:188} INFO - [2026-03-06T08:56:55.544+0000] {dag.py:3089} INFO - Sync 1 DAGs
[2026-03-06T08:56:55.553+0000] {logging_mixin.py:188} INFO - [2026-03-06T08:56:55.552+0000] {dag.py:3947} INFO - Setting next_dagrun for football_backfill_manual to None, run_after=None
[2026-03-06T08:56:55.568+0000] {processor.py:183} INFO - Processing /opt/airflow/dags/football_backfill_manual.py took 0.069 seconds
[2026-03-06T08:57:25.721+0000] {processor.py:161} INFO - Started process (PID=451) to work on /opt/airflow/dags/football_backfill_manual.py
[2026-03-06T08:57:25.721+0000] {processor.py:830} INFO - Processing file /opt/airflow/dags/football_backfill_manual.py for tasks to queue
[2026-03-06T08:57:25.722+0000] {logging_mixin.py:188} INFO - [2026-03-06T08:57:25.722+0000] {dagbag.py:545} INFO - Filling up the DagBag from /opt/airflow/dags/football_backfill_manual.py
[2026-03-06T08:57:25.735+0000] {processor.py:840} INFO - DAG(s) 'football_backfill_manual' retrieved from /opt/airflow/dags/football_backfill_manual.py
[2026-03-06T08:57:25.756+0000] {logging_mixin.py:188} INFO - [2026-03-06T08:57:25.756+0000] {dag.py:3089} INFO - Sync 1 DAGs
[2026-03-06T08:57:25.763+0000] {logging_mixin.py:188} INFO - [2026-03-06T08:57:25.763+0000] {dag.py:3947} INFO - Setting next_dagrun for football_backfill_manual to None, run_after=None
[2026-03-06T08:57:25.775+0000] {processor.py:183} INFO - Processing /opt/airflow/dags/football_backfill_manual.py took 0.058 seconds
[2026-03-06T08:57:55.928+0000] {processor.py:161} INFO - Started process (PID=463) to work on /opt/airflow/dags/football_backfill_manual.py
[2026-03-06T08:57:55.928+0000] {processor.py:830} INFO - Processing file /opt/airflow/dags/football_backfill_manual.py for tasks to queue
[2026-03-06T08:57:55.930+0000] {logging_mixin.py:188} INFO - [2026-03-06T08:57:55.930+0000] {dagbag.py:545} INFO - Filling up the DagBag from /opt/airflow/dags/football_backfill_manual.py
[2026-03-06T08:57:55.943+0000] {processor.py:840} INFO - DAG(s) 'football_backfill_manual' retrieved from /opt/airflow/dags/football_backfill_manual.py
[2026-03-06T08:57:55.964+0000] {logging_mixin.py:188} INFO - [2026-03-06T08:57:55.964+0000] {dag.py:3089} INFO - Sync 1 DAGs
[2026-03-06T08:57:55.972+0000] {logging_mixin.py:188} INFO - [2026-03-06T08:57:55.972+0000] {dag.py:3947} INFO - Setting next_dagrun for football_backfill_manual to None, run_after=None
[2026-03-06T08:57:55.989+0000] {processor.py:183} INFO - Processing /opt/airflow/dags/football_backfill_manual.py took 0.065 seconds
[2026-03-06T08:58:17.691+0000] {processor.py:161} INFO - Started process (PID=191) to work on /opt/airflow/dags/football_backfill_manual.py
[2026-03-06T08:58:17.692+0000] {processor.py:830} INFO - Processing file /opt/airflow/dags/football_backfill_manual.py for tasks to queue
[2026-03-06T08:58:17.693+0000] {logging_mixin.py:188} INFO - [2026-03-06T08:58:17.693+0000] {dagbag.py:545} INFO - Filling up the DagBag from /opt/airflow/dags/football_backfill_manual.py
[2026-03-06T08:58:17.708+0000] {processor.py:840} INFO - DAG(s) 'football_backfill_manual' retrieved from /opt/airflow/dags/football_backfill_manual.py
[2026-03-06T08:58:17.745+0000] {logging_mixin.py:188} INFO - [2026-03-06T08:58:17.744+0000] {dag.py:3089} INFO - Sync 1 DAGs
[2026-03-06T08:58:17.753+0000] {logging_mixin.py:188} INFO - [2026-03-06T08:58:17.753+0000] {dag.py:3947} INFO - Setting next_dagrun for football_backfill_manual to None, run_after=None
[2026-03-06T08:58:17.768+0000] {processor.py:183} INFO - Processing /opt/airflow/dags/football_backfill_manual.py took 0.081 seconds
[2026-03-06T08:58:47.924+0000] {processor.py:161} INFO - Started process (PID=336) to work on /opt/airflow/dags/football_backfill_manual.py
[2026-03-06T08:58:47.924+0000] {processor.py:830} INFO - Processing file /opt/airflow/dags/football_backfill_manual.py for tasks to queue
[2026-03-06T08:58:47.926+0000] {logging_mixin.py:188} INFO - [2026-03-06T08:58:47.926+0000] {dagbag.py:545} INFO - Filling up the DagBag from /opt/airflow/dags/football_backfill_manual.py
[2026-03-06T08:58:47.940+0000] {processor.py:840} INFO - DAG(s) 'football_backfill_manual' retrieved from /opt/airflow/dags/football_backfill_manual.py
[2026-03-06T08:58:47.968+0000] {logging_mixin.py:188} INFO - [2026-03-06T08:58:47.967+0000] {dag.py:3089} INFO - Sync 1 DAGs
[2026-03-06T08:58:47.979+0000] {logging_mixin.py:188} INFO - [2026-03-06T08:58:47.979+0000] {dag.py:3947} INFO - Setting next_dagrun for football_backfill_manual to None, run_after=None
[2026-03-06T08:58:47.993+0000] {processor.py:183} INFO - Processing /opt/airflow/dags/football_backfill_manual.py took 0.074 seconds
[2026-03-06T08:59:18.149+0000] {processor.py:161} INFO - Started process (PID=502) to work on /opt/airflow/dags/football_backfill_manual.py
[2026-03-06T08:59:18.149+0000] {processor.py:830} INFO - Processing file /opt/airflow/dags/football_backfill_manual.py for tasks to queue
[2026-03-06T08:59:18.151+0000] {logging_mixin.py:188} INFO - [2026-03-06T08:59:18.150+0000] {dagbag.py:545} INFO - Filling up the DagBag from /opt/airflow/dags/football_backfill_manual.py
[2026-03-06T08:59:18.163+0000] {processor.py:840} INFO - DAG(s) 'football_backfill_manual' retrieved from /opt/airflow/dags/football_backfill_manual.py
[2026-03-06T08:59:18.184+0000] {logging_mixin.py:188} INFO - [2026-03-06T08:59:18.184+0000] {dag.py:3089} INFO - Sync 1 DAGs
[2026-03-06T08:59:18.191+0000] {logging_mixin.py:188} INFO - [2026-03-06T08:59:18.191+0000] {dag.py:3947} INFO - Setting next_dagrun for football_backfill_manual to None, run_after=None
[2026-03-06T08:59:18.203+0000] {processor.py:183} INFO - Processing /opt/airflow/dags/football_backfill_manual.py took 0.058 seconds
[2026-03-06T08:59:48.361+0000] {processor.py:161} INFO - Started process (PID=519) to work on /opt/airflow/dags/football_backfill_manual.py
[2026-03-06T08:59:48.362+0000] {processor.py:830} INFO - Processing file /opt/airflow/dags/football_backfill_manual.py for tasks to queue
[2026-03-06T08:59:48.363+0000] {logging_mixin.py:188} INFO - [2026-03-06T08:59:48.363+0000] {dagbag.py:545} INFO - Filling up the DagBag from /opt/airflow/dags/football_backfill_manual.py
[2026-03-06T08:59:48.378+0000] {processor.py:840} INFO - DAG(s) 'football_backfill_manual' retrieved from /opt/airflow/dags/football_backfill_manual.py
[2026-03-06T08:59:48.406+0000] {logging_mixin.py:188} INFO - [2026-03-06T08:59:48.406+0000] {dag.py:3089} INFO - Sync 1 DAGs
[2026-03-06T08:59:48.415+0000] {logging_mixin.py:188} INFO - [2026-03-06T08:59:48.415+0000] {dag.py:3947} INFO - Setting next_dagrun for football_backfill_manual to None, run_after=None
[2026-03-06T08:59:48.429+0000] {processor.py:183} INFO - Processing /opt/airflow/dags/football_backfill_manual.py took 0.072 seconds
[2026-03-06T09:00:18.586+0000] {processor.py:161} INFO - Started process (PID=671) to work on /opt/airflow/dags/football_backfill_manual.py
[2026-03-06T09:00:18.587+0000] {processor.py:830} INFO - Processing file /opt/airflow/dags/football_backfill_manual.py for tasks to queue
[2026-03-06T09:00:18.588+0000] {logging_mixin.py:188} INFO - [2026-03-06T09:00:18.588+0000] {dagbag.py:545} INFO - Filling up the DagBag from /opt/airflow/dags/football_backfill_manual.py
[2026-03-06T09:00:18.603+0000] {processor.py:840} INFO - DAG(s) 'football_backfill_manual' retrieved from /opt/airflow/dags/football_backfill_manual.py
[2026-03-06T09:00:18.626+0000] {logging_mixin.py:188} INFO - [2026-03-06T09:00:18.626+0000] {dag.py:3089} INFO - Sync 1 DAGs
[2026-03-06T09:00:18.634+0000] {logging_mixin.py:188} INFO - [2026-03-06T09:00:18.634+0000] {dag.py:3947} INFO - Setting next_dagrun for football_backfill_manual to None, run_after=None
[2026-03-06T09:00:18.649+0000] {processor.py:183} INFO - Processing /opt/airflow/dags/football_backfill_manual.py took 0.066 seconds
[2026-03-06T09:00:48.808+0000] {processor.py:161} INFO - Started process (PID=683) to work on /opt/airflow/dags/football_backfill_manual.py
[2026-03-06T09:00:48.809+0000] {processor.py:830} INFO - Processing file /opt/airflow/dags/football_backfill_manual.py for tasks to queue
[2026-03-06T09:00:48.810+0000] {logging_mixin.py:188} INFO - [2026-03-06T09:00:48.810+0000] {dagbag.py:545} INFO - Filling up the DagBag from /opt/airflow/dags/football_backfill_manual.py
[2026-03-06T09:00:48.823+0000] {processor.py:840} INFO - DAG(s) 'football_backfill_manual' retrieved from /opt/airflow/dags/football_backfill_manual.py
[2026-03-06T09:00:48.843+0000] {logging_mixin.py:188} INFO - [2026-03-06T09:00:48.843+0000] {dag.py:3089} INFO - Sync 1 DAGs
[2026-03-06T09:00:48.851+0000] {logging_mixin.py:188} INFO - [2026-03-06T09:00:48.851+0000] {dag.py:3947} INFO - Setting next_dagrun for football_backfill_manual to None, run_after=None
[2026-03-06T09:00:48.866+0000] {processor.py:183} INFO - Processing /opt/airflow/dags/football_backfill_manual.py took 0.061 seconds
[2026-03-06T09:01:19.025+0000] {processor.py:161} INFO - Started process (PID=695) to work on /opt/airflow/dags/football_backfill_manual.py
[2026-03-06T09:01:19.025+0000] {processor.py:830} INFO - Processing file /opt/airflow/dags/football_backfill_manual.py for tasks to queue
[2026-03-06T09:01:19.027+0000] {logging_mixin.py:188} INFO - [2026-03-06T09:01:19.027+0000] {dagbag.py:545} INFO - Filling up the DagBag from /opt/airflow/dags/football_backfill_manual.py
[2026-03-06T09:01:19.043+0000] {processor.py:840} INFO - DAG(s) 'football_backfill_manual' retrieved from /opt/airflow/dags/football_backfill_manual.py
[2026-03-06T09:01:19.066+0000] {logging_mixin.py:188} INFO - [2026-03-06T09:01:19.066+0000] {dag.py:3089} INFO - Sync 1 DAGs
[2026-03-06T09:01:19.073+0000] {logging_mixin.py:188} INFO - [2026-03-06T09:01:19.073+0000] {dag.py:3947} INFO - Setting next_dagrun for football_backfill_manual to None, run_after=None
[2026-03-06T09:01:19.085+0000] {processor.py:183} INFO - Processing /opt/airflow/dags/football_backfill_manual.py took 0.064 seconds
[2026-03-06T09:01:49.232+0000] {processor.py:161} INFO - Started process (PID=707) to work on /opt/airflow/dags/football_backfill_manual.py
[2026-03-06T09:01:49.233+0000] {processor.py:830} INFO - Processing file /opt/airflow/dags/football_backfill_manual.py for tasks to queue
[2026-03-06T09:01:49.234+0000] {logging_mixin.py:188} INFO - [2026-03-06T09:01:49.234+0000] {dagbag.py:545} INFO - Filling up the DagBag from /opt/airflow/dags/football_backfill_manual.py
[2026-03-06T09:01:49.247+0000] {processor.py:840} INFO - DAG(s) 'football_backfill_manual' retrieved from /opt/airflow/dags/football_backfill_manual.py
[2026-03-06T09:01:49.266+0000] {logging_mixin.py:188} INFO - [2026-03-06T09:01:49.266+0000] {dag.py:3089} INFO - Sync 1 DAGs
[2026-03-06T09:01:49.273+0000] {logging_mixin.py:188} INFO - [2026-03-06T09:01:49.273+0000] {dag.py:3947} INFO - Setting next_dagrun for football_backfill_manual to None, run_after=None
[2026-03-06T09:01:49.285+0000] {processor.py:183} INFO - Processing /opt/airflow/dags/football_backfill_manual.py took 0.056 seconds
[2026-03-06T09:02:19.446+0000] {processor.py:161} INFO - Started process (PID=719) to work on /opt/airflow/dags/football_backfill_manual.py
[2026-03-06T09:02:19.446+0000] {processor.py:830} INFO - Processing file /opt/airflow/dags/football_backfill_manual.py for tasks to queue
[2026-03-06T09:02:19.448+0000] {logging_mixin.py:188} INFO - [2026-03-06T09:02:19.448+0000] {dagbag.py:545} INFO - Filling up the DagBag from /opt/airflow/dags/football_backfill_manual.py
[2026-03-06T09:02:19.460+0000] {processor.py:840} INFO - DAG(s) 'football_backfill_manual' retrieved from /opt/airflow/dags/football_backfill_manual.py
[2026-03-06T09:02:19.480+0000] {logging_mixin.py:188} INFO - [2026-03-06T09:02:19.480+0000] {dag.py:3089} INFO - Sync 1 DAGs
[2026-03-06T09:02:19.487+0000] {logging_mixin.py:188} INFO - [2026-03-06T09:02:19.487+0000] {dag.py:3947} INFO - Setting next_dagrun for football_backfill_manual to None, run_after=None
[2026-03-06T09:02:19.500+0000] {processor.py:183} INFO - Processing /opt/airflow/dags/football_backfill_manual.py took 0.058 seconds
[2026-03-06T09:02:49.660+0000] {processor.py:161} INFO - Started process (PID=731) to work on /opt/airflow/dags/football_backfill_manual.py
[2026-03-06T09:02:49.660+0000] {processor.py:830} INFO - Processing file /opt/airflow/dags/football_backfill_manual.py for tasks to queue
[2026-03-06T09:02:49.662+0000] {logging_mixin.py:188} INFO - [2026-03-06T09:02:49.662+0000] {dagbag.py:545} INFO - Filling up the DagBag from /opt/airflow/dags/football_backfill_manual.py
[2026-03-06T09:02:49.676+0000] {processor.py:840} INFO - DAG(s) 'football_backfill_manual' retrieved from /opt/airflow/dags/football_backfill_manual.py
[2026-03-06T09:02:49.697+0000] {logging_mixin.py:188} INFO - [2026-03-06T09:02:49.697+0000] {dag.py:3089} INFO - Sync 1 DAGs
[2026-03-06T09:02:49.706+0000] {logging_mixin.py:188} INFO - [2026-03-06T09:02:49.706+0000] {dag.py:3947} INFO - Setting next_dagrun for football_backfill_manual to None, run_after=None
[2026-03-06T09:02:49.720+0000] {processor.py:183} INFO - Processing /opt/airflow/dags/football_backfill_manual.py took 0.064 seconds
[2026-03-06T09:03:19.904+0000] {processor.py:161} INFO - Started process (PID=743) to work on /opt/airflow/dags/football_backfill_manual.py
[2026-03-06T09:03:19.905+0000] {processor.py:830} INFO - Processing file /opt/airflow/dags/football_backfill_manual.py for tasks to queue
[2026-03-06T09:03:19.906+0000] {logging_mixin.py:188} INFO - [2026-03-06T09:03:19.906+0000] {dagbag.py:545} INFO - Filling up the DagBag from /opt/airflow/dags/football_backfill_manual.py
[2026-03-06T09:03:19.921+0000] {processor.py:840} INFO - DAG(s) 'football_backfill_manual' retrieved from /opt/airflow/dags/football_backfill_manual.py
[2026-03-06T09:03:19.947+0000] {logging_mixin.py:188} INFO - [2026-03-06T09:03:19.947+0000] {dag.py:3089} INFO - Sync 1 DAGs
[2026-03-06T09:03:19.958+0000] {logging_mixin.py:188} INFO - [2026-03-06T09:03:19.958+0000] {dag.py:3947} INFO - Setting next_dagrun for football_backfill_manual to None, run_after=None
[2026-03-06T09:03:19.972+0000] {processor.py:183} INFO - Processing /opt/airflow/dags/football_backfill_manual.py took 0.072 seconds
[2026-03-06T09:04:31.616+0000] {processor.py:161} INFO - Started process (PID=192) to work on /opt/airflow/dags/football_backfill_manual.py
[2026-03-06T09:04:31.617+0000] {processor.py:830} INFO - Processing file /opt/airflow/dags/football_backfill_manual.py for tasks to queue
[2026-03-06T09:04:31.619+0000] {logging_mixin.py:188} INFO - [2026-03-06T09:04:31.618+0000] {dagbag.py:545} INFO - Filling up the DagBag from /opt/airflow/dags/football_backfill_manual.py
[2026-03-06T09:04:31.641+0000] {processor.py:840} INFO - DAG(s) 'football_backfill_manual' retrieved from /opt/airflow/dags/football_backfill_manual.py
[2026-03-06T09:04:31.668+0000] {logging_mixin.py:188} INFO - [2026-03-06T09:04:31.668+0000] {dag.py:3089} INFO - Sync 1 DAGs
[2026-03-06T09:04:31.679+0000] {logging_mixin.py:188} INFO - [2026-03-06T09:04:31.679+0000] {dag.py:3947} INFO - Setting next_dagrun for football_backfill_manual to None, run_after=None
[2026-03-06T09:04:31.695+0000] {processor.py:183} INFO - Processing /opt/airflow/dags/football_backfill_manual.py took 0.084 seconds
[2026-03-06T09:05:01.865+0000] {processor.py:161} INFO - Started process (PID=276) to work on /opt/airflow/dags/football_backfill_manual.py
[2026-03-06T09:05:01.866+0000] {processor.py:830} INFO - Processing file /opt/airflow/dags/football_backfill_manual.py for tasks to queue
[2026-03-06T09:05:01.867+0000] {logging_mixin.py:188} INFO - [2026-03-06T09:05:01.867+0000] {dagbag.py:545} INFO - Filling up the DagBag from /opt/airflow/dags/football_backfill_manual.py
[2026-03-06T09:05:01.884+0000] {processor.py:840} INFO - DAG(s) 'football_backfill_manual' retrieved from /opt/airflow/dags/football_backfill_manual.py
[2026-03-06T09:05:02.042+0000] {logging_mixin.py:188} INFO - [2026-03-06T09:05:02.042+0000] {dag.py:3089} INFO - Sync 1 DAGs
[2026-03-06T09:05:02.049+0000] {logging_mixin.py:188} INFO - [2026-03-06T09:05:02.049+0000] {dag.py:3947} INFO - Setting next_dagrun for football_backfill_manual to None, run_after=None
[2026-03-06T09:05:02.063+0000] {processor.py:183} INFO - Processing /opt/airflow/dags/football_backfill_manual.py took 0.203 seconds
[2026-03-06T09:05:32.220+0000] {processor.py:161} INFO - Started process (PID=445) to work on /opt/airflow/dags/football_backfill_manual.py
[2026-03-06T09:05:32.221+0000] {processor.py:830} INFO - Processing file /opt/airflow/dags/football_backfill_manual.py for tasks to queue
[2026-03-06T09:05:32.222+0000] {logging_mixin.py:188} INFO - [2026-03-06T09:05:32.222+0000] {dagbag.py:545} INFO - Filling up the DagBag from /opt/airflow/dags/football_backfill_manual.py
[2026-03-06T09:05:32.235+0000] {processor.py:840} INFO - DAG(s) 'football_backfill_manual' retrieved from /opt/airflow/dags/football_backfill_manual.py
[2026-03-06T09:05:32.255+0000] {logging_mixin.py:188} INFO - [2026-03-06T09:05:32.255+0000] {dag.py:3089} INFO - Sync 1 DAGs
[2026-03-06T09:05:32.262+0000] {logging_mixin.py:188} INFO - [2026-03-06T09:05:32.262+0000] {dag.py:3947} INFO - Setting next_dagrun for football_backfill_manual to None, run_after=None
[2026-03-06T09:05:32.275+0000] {processor.py:183} INFO - Processing /opt/airflow/dags/football_backfill_manual.py took 0.058 seconds
[2026-03-06T09:06:02.432+0000] {processor.py:161} INFO - Started process (PID=459) to work on /opt/airflow/dags/football_backfill_manual.py
[2026-03-06T09:06:02.432+0000] {processor.py:830} INFO - Processing file /opt/airflow/dags/football_backfill_manual.py for tasks to queue
[2026-03-06T09:06:02.433+0000] {logging_mixin.py:188} INFO - [2026-03-06T09:06:02.433+0000] {dagbag.py:545} INFO - Filling up the DagBag from /opt/airflow/dags/football_backfill_manual.py
[2026-03-06T09:06:02.446+0000] {processor.py:840} INFO - DAG(s) 'football_backfill_manual' retrieved from /opt/airflow/dags/football_backfill_manual.py
[2026-03-06T09:06:02.466+0000] {logging_mixin.py:188} INFO - [2026-03-06T09:06:02.466+0000] {dag.py:3089} INFO - Sync 1 DAGs
[2026-03-06T09:06:02.474+0000] {logging_mixin.py:188} INFO - [2026-03-06T09:06:02.474+0000] {dag.py:3947} INFO - Setting next_dagrun for football_backfill_manual to None, run_after=None
[2026-03-06T09:06:02.487+0000] {processor.py:183} INFO - Processing /opt/airflow/dags/football_backfill_manual.py took 0.059 seconds
[2026-03-06T09:06:32.645+0000] {processor.py:161} INFO - Started process (PID=473) to work on /opt/airflow/dags/football_backfill_manual.py
[2026-03-06T09:06:32.645+0000] {processor.py:830} INFO - Processing file /opt/airflow/dags/football_backfill_manual.py for tasks to queue
[2026-03-06T09:06:32.646+0000] {logging_mixin.py:188} INFO - [2026-03-06T09:06:32.646+0000] {dagbag.py:545} INFO - Filling up the DagBag from /opt/airflow/dags/football_backfill_manual.py
[2026-03-06T09:06:32.659+0000] {processor.py:840} INFO - DAG(s) 'football_backfill_manual' retrieved from /opt/airflow/dags/football_backfill_manual.py
[2026-03-06T09:06:32.680+0000] {logging_mixin.py:188} INFO - [2026-03-06T09:06:32.680+0000] {dag.py:3089} INFO - Sync 1 DAGs
[2026-03-06T09:06:32.687+0000] {logging_mixin.py:188} INFO - [2026-03-06T09:06:32.687+0000] {dag.py:3947} INFO - Setting next_dagrun for football_backfill_manual to None, run_after=None
[2026-03-06T09:06:32.701+0000] {processor.py:183} INFO - Processing /opt/airflow/dags/football_backfill_manual.py took 0.060 seconds
[2026-03-06T09:07:02.858+0000] {processor.py:161} INFO - Started process (PID=487) to work on /opt/airflow/dags/football_backfill_manual.py
[2026-03-06T09:07:02.858+0000] {processor.py:830} INFO - Processing file /opt/airflow/dags/football_backfill_manual.py for tasks to queue
[2026-03-06T09:07:02.860+0000] {logging_mixin.py:188} INFO - [2026-03-06T09:07:02.860+0000] {dagbag.py:545} INFO - Filling up the DagBag from /opt/airflow/dags/football_backfill_manual.py
[2026-03-06T09:07:02.873+0000] {processor.py:840} INFO - DAG(s) 'football_backfill_manual' retrieved from /opt/airflow/dags/football_backfill_manual.py
[2026-03-06T09:07:02.892+0000] {logging_mixin.py:188} INFO - [2026-03-06T09:07:02.892+0000] {dag.py:3089} INFO - Sync 1 DAGs
[2026-03-06T09:07:02.900+0000] {logging_mixin.py:188} INFO - [2026-03-06T09:07:02.899+0000] {dag.py:3947} INFO - Setting next_dagrun for football_backfill_manual to None, run_after=None
[2026-03-06T09:07:02.913+0000] {processor.py:183} INFO - Processing /opt/airflow/dags/football_backfill_manual.py took 0.059 seconds
[2026-03-06T09:07:33.070+0000] {processor.py:161} INFO - Started process (PID=501) to work on /opt/airflow/dags/football_backfill_manual.py
[2026-03-06T09:07:33.071+0000] {processor.py:830} INFO - Processing file /opt/airflow/dags/football_backfill_manual.py for tasks to queue
[2026-03-06T09:07:33.073+0000] {logging_mixin.py:188} INFO - [2026-03-06T09:07:33.072+0000] {dagbag.py:545} INFO - Filling up the DagBag from /opt/airflow/dags/football_backfill_manual.py
[2026-03-06T09:07:33.085+0000] {processor.py:840} INFO - DAG(s) 'football_backfill_manual' retrieved from /opt/airflow/dags/football_backfill_manual.py
[2026-03-06T09:07:33.106+0000] {logging_mixin.py:188} INFO - [2026-03-06T09:07:33.106+0000] {dag.py:3089} INFO - Sync 1 DAGs
[2026-03-06T09:07:33.113+0000] {logging_mixin.py:188} INFO - [2026-03-06T09:07:33.113+0000] {dag.py:3947} INFO - Setting next_dagrun for football_backfill_manual to None, run_after=None
[2026-03-06T09:07:33.125+0000] {processor.py:183} INFO - Processing /opt/airflow/dags/football_backfill_manual.py took 0.059 seconds
[2026-03-06T09:08:03.274+0000] {processor.py:161} INFO - Started process (PID=515) to work on /opt/airflow/dags/football_backfill_manual.py
[2026-03-06T09:08:03.275+0000] {processor.py:830} INFO - Processing file /opt/airflow/dags/football_backfill_manual.py for tasks to queue
[2026-03-06T09:08:03.276+0000] {logging_mixin.py:188} INFO - [2026-03-06T09:08:03.276+0000] {dagbag.py:545} INFO - Filling up the DagBag from /opt/airflow/dags/football_backfill_manual.py
[2026-03-06T09:08:03.289+0000] {processor.py:840} INFO - DAG(s) 'football_backfill_manual' retrieved from /opt/airflow/dags/football_backfill_manual.py
[2026-03-06T09:08:03.309+0000] {logging_mixin.py:188} INFO - [2026-03-06T09:08:03.309+0000] {dag.py:3089} INFO - Sync 1 DAGs
[2026-03-06T09:08:03.317+0000] {logging_mixin.py:188} INFO - [2026-03-06T09:08:03.316+0000] {dag.py:3947} INFO - Setting next_dagrun for football_backfill_manual to None, run_after=None
[2026-03-06T09:08:03.330+0000] {processor.py:183} INFO - Processing /opt/airflow/dags/football_backfill_manual.py took 0.059 seconds
[2026-03-06T09:08:33.479+0000] {processor.py:161} INFO - Started process (PID=529) to work on /opt/airflow/dags/football_backfill_manual.py
[2026-03-06T09:08:33.479+0000] {processor.py:830} INFO - Processing file /opt/airflow/dags/football_backfill_manual.py for tasks to queue
[2026-03-06T09:08:33.481+0000] {logging_mixin.py:188} INFO - [2026-03-06T09:08:33.481+0000] {dagbag.py:545} INFO - Filling up the DagBag from /opt/airflow/dags/football_backfill_manual.py
[2026-03-06T09:08:33.494+0000] {processor.py:840} INFO - DAG(s) 'football_backfill_manual' retrieved from /opt/airflow/dags/football_backfill_manual.py
[2026-03-06T09:08:33.515+0000] {logging_mixin.py:188} INFO - [2026-03-06T09:08:33.515+0000] {dag.py:3089} INFO - Sync 1 DAGs
[2026-03-06T09:08:33.522+0000] {logging_mixin.py:188} INFO - [2026-03-06T09:08:33.522+0000] {dag.py:3947} INFO - Setting next_dagrun for football_backfill_manual to None, run_after=None
[2026-03-06T09:08:33.535+0000] {processor.py:183} INFO - Processing /opt/airflow/dags/football_backfill_manual.py took 0.060 seconds
[2026-03-06T09:09:03.691+0000] {processor.py:161} INFO - Started process (PID=543) to work on /opt/airflow/dags/football_backfill_manual.py
[2026-03-06T09:09:03.692+0000] {processor.py:830} INFO - Processing file /opt/airflow/dags/football_backfill_manual.py for tasks to queue
[2026-03-06T09:09:03.693+0000] {logging_mixin.py:188} INFO - [2026-03-06T09:09:03.693+0000] {dagbag.py:545} INFO - Filling up the DagBag from /opt/airflow/dags/football_backfill_manual.py
[2026-03-06T09:09:03.707+0000] {processor.py:840} INFO - DAG(s) 'football_backfill_manual' retrieved from /opt/airflow/dags/football_backfill_manual.py
[2026-03-06T09:09:03.728+0000] {logging_mixin.py:188} INFO - [2026-03-06T09:09:03.728+0000] {dag.py:3089} INFO - Sync 1 DAGs
[2026-03-06T09:09:03.736+0000] {logging_mixin.py:188} INFO - [2026-03-06T09:09:03.736+0000] {dag.py:3947} INFO - Setting next_dagrun for football_backfill_manual to None, run_after=None
[2026-03-06T09:09:03.748+0000] {processor.py:183} INFO - Processing /opt/airflow/dags/football_backfill_manual.py took 0.061 seconds
[2026-03-06T09:09:33.933+0000] {processor.py:161} INFO - Started process (PID=557) to work on /opt/airflow/dags/football_backfill_manual.py
[2026-03-06T09:09:33.933+0000] {processor.py:830} INFO - Processing file /opt/airflow/dags/football_backfill_manual.py for tasks to queue
[2026-03-06T09:09:33.935+0000] {logging_mixin.py:188} INFO - [2026-03-06T09:09:33.935+0000] {dagbag.py:545} INFO - Filling up the DagBag from /opt/airflow/dags/football_backfill_manual.py
[2026-03-06T09:09:33.951+0000] {processor.py:840} INFO - DAG(s) 'football_backfill_manual' retrieved from /opt/airflow/dags/football_backfill_manual.py
[2026-03-06T09:09:33.972+0000] {logging_mixin.py:188} INFO - [2026-03-06T09:09:33.972+0000] {dag.py:3089} INFO - Sync 1 DAGs
[2026-03-06T09:09:33.979+0000] {logging_mixin.py:188} INFO - [2026-03-06T09:09:33.979+0000] {dag.py:3947} INFO - Setting next_dagrun for football_backfill_manual to None, run_after=None
[2026-03-06T09:09:33.992+0000] {processor.py:183} INFO - Processing /opt/airflow/dags/football_backfill_manual.py took 0.063 seconds
[2026-03-06T09:10:04.150+0000] {processor.py:161} INFO - Started process (PID=571) to work on /opt/airflow/dags/football_backfill_manual.py
[2026-03-06T09:10:04.150+0000] {processor.py:830} INFO - Processing file /opt/airflow/dags/football_backfill_manual.py for tasks to queue
[2026-03-06T09:10:04.152+0000] {logging_mixin.py:188} INFO - [2026-03-06T09:10:04.152+0000] {dagbag.py:545} INFO - Filling up the DagBag from /opt/airflow/dags/football_backfill_manual.py
[2026-03-06T09:10:04.166+0000] {processor.py:840} INFO - DAG(s) 'football_backfill_manual' retrieved from /opt/airflow/dags/football_backfill_manual.py
[2026-03-06T09:10:04.188+0000] {logging_mixin.py:188} INFO - [2026-03-06T09:10:04.188+0000] {dag.py:3089} INFO - Sync 1 DAGs
[2026-03-06T09:10:04.196+0000] {logging_mixin.py:188} INFO - [2026-03-06T09:10:04.196+0000] {dag.py:3947} INFO - Setting next_dagrun for football_backfill_manual to None, run_after=None
[2026-03-06T09:10:04.211+0000] {processor.py:183} INFO - Processing /opt/airflow/dags/football_backfill_manual.py took 0.065 seconds
[2026-03-06T09:10:34.363+0000] {processor.py:161} INFO - Started process (PID=585) to work on /opt/airflow/dags/football_backfill_manual.py
[2026-03-06T09:10:34.364+0000] {processor.py:830} INFO - Processing file /opt/airflow/dags/football_backfill_manual.py for tasks to queue
[2026-03-06T09:10:34.365+0000] {logging_mixin.py:188} INFO - [2026-03-06T09:10:34.365+0000] {dagbag.py:545} INFO - Filling up the DagBag from /opt/airflow/dags/football_backfill_manual.py
[2026-03-06T09:10:34.378+0000] {processor.py:840} INFO - DAG(s) 'football_backfill_manual' retrieved from /opt/airflow/dags/football_backfill_manual.py
[2026-03-06T09:10:34.398+0000] {logging_mixin.py:188} INFO - [2026-03-06T09:10:34.397+0000] {dag.py:3089} INFO - Sync 1 DAGs
[2026-03-06T09:10:34.405+0000] {logging_mixin.py:188} INFO - [2026-03-06T09:10:34.404+0000] {dag.py:3947} INFO - Setting next_dagrun for football_backfill_manual to None, run_after=None
[2026-03-06T09:10:34.417+0000] {processor.py:183} INFO - Processing /opt/airflow/dags/football_backfill_manual.py took 0.057 seconds
[2026-03-06T09:11:04.573+0000] {processor.py:161} INFO - Started process (PID=599) to work on /opt/airflow/dags/football_backfill_manual.py
[2026-03-06T09:11:04.574+0000] {processor.py:830} INFO - Processing file /opt/airflow/dags/football_backfill_manual.py for tasks to queue
[2026-03-06T09:11:04.575+0000] {logging_mixin.py:188} INFO - [2026-03-06T09:11:04.575+0000] {dagbag.py:545} INFO - Filling up the DagBag from /opt/airflow/dags/football_backfill_manual.py
[2026-03-06T09:11:04.589+0000] {processor.py:840} INFO - DAG(s) 'football_backfill_manual' retrieved from /opt/airflow/dags/football_backfill_manual.py
[2026-03-06T09:11:04.611+0000] {logging_mixin.py:188} INFO - [2026-03-06T09:11:04.610+0000] {dag.py:3089} INFO - Sync 1 DAGs
[2026-03-06T09:11:04.619+0000] {logging_mixin.py:188} INFO - [2026-03-06T09:11:04.619+0000] {dag.py:3947} INFO - Setting next_dagrun for football_backfill_manual to None, run_after=None
[2026-03-06T09:11:04.633+0000] {processor.py:183} INFO - Processing /opt/airflow/dags/football_backfill_manual.py took 0.064 seconds
[2026-03-06T09:11:34.786+0000] {processor.py:161} INFO - Started process (PID=613) to work on /opt/airflow/dags/football_backfill_manual.py
[2026-03-06T09:11:34.787+0000] {processor.py:830} INFO - Processing file /opt/airflow/dags/football_backfill_manual.py for tasks to queue
[2026-03-06T09:11:34.788+0000] {logging_mixin.py:188} INFO - [2026-03-06T09:11:34.788+0000] {dagbag.py:545} INFO - Filling up the DagBag from /opt/airflow/dags/football_backfill_manual.py
[2026-03-06T09:11:34.801+0000] {processor.py:840} INFO - DAG(s) 'football_backfill_manual' retrieved from /opt/airflow/dags/football_backfill_manual.py
[2026-03-06T09:11:34.821+0000] {logging_mixin.py:188} INFO - [2026-03-06T09:11:34.821+0000] {dag.py:3089} INFO - Sync 1 DAGs
[2026-03-06T09:11:34.830+0000] {logging_mixin.py:188} INFO - [2026-03-06T09:11:34.829+0000] {dag.py:3947} INFO - Setting next_dagrun for football_backfill_manual to None, run_after=None
[2026-03-06T09:11:34.843+0000] {processor.py:183} INFO - Processing /opt/airflow/dags/football_backfill_manual.py took 0.060 seconds
[2026-03-06T09:12:05.004+0000] {processor.py:161} INFO - Started process (PID=627) to work on /opt/airflow/dags/football_backfill_manual.py
[2026-03-06T09:12:05.004+0000] {processor.py:830} INFO - Processing file /opt/airflow/dags/football_backfill_manual.py for tasks to queue
[2026-03-06T09:12:05.005+0000] {logging_mixin.py:188} INFO - [2026-03-06T09:12:05.005+0000] {dagbag.py:545} INFO - Filling up the DagBag from /opt/airflow/dags/football_backfill_manual.py
[2026-03-06T09:12:05.018+0000] {processor.py:840} INFO - DAG(s) 'football_backfill_manual' retrieved from /opt/airflow/dags/football_backfill_manual.py
[2026-03-06T09:12:05.039+0000] {logging_mixin.py:188} INFO - [2026-03-06T09:12:05.039+0000] {dag.py:3089} INFO - Sync 1 DAGs
[2026-03-06T09:12:05.046+0000] {logging_mixin.py:188} INFO - [2026-03-06T09:12:05.046+0000] {dag.py:3947} INFO - Setting next_dagrun for football_backfill_manual to None, run_after=None
[2026-03-06T09:12:05.059+0000] {processor.py:183} INFO - Processing /opt/airflow/dags/football_backfill_manual.py took 0.059 seconds
[2026-03-06T09:12:35.214+0000] {processor.py:161} INFO - Started process (PID=641) to work on /opt/airflow/dags/football_backfill_manual.py
[2026-03-06T09:12:35.214+0000] {processor.py:830} INFO - Processing file /opt/airflow/dags/football_backfill_manual.py for tasks to queue
[2026-03-06T09:12:35.216+0000] {logging_mixin.py:188} INFO - [2026-03-06T09:12:35.215+0000] {dagbag.py:545} INFO - Filling up the DagBag from /opt/airflow/dags/football_backfill_manual.py
[2026-03-06T09:12:35.228+0000] {processor.py:840} INFO - DAG(s) 'football_backfill_manual' retrieved from /opt/airflow/dags/football_backfill_manual.py
[2026-03-06T09:12:35.248+0000] {logging_mixin.py:188} INFO - [2026-03-06T09:12:35.248+0000] {dag.py:3089} INFO - Sync 1 DAGs
[2026-03-06T09:12:35.254+0000] {logging_mixin.py:188} INFO - [2026-03-06T09:12:35.254+0000] {dag.py:3947} INFO - Setting next_dagrun for football_backfill_manual to None, run_after=None
[2026-03-06T09:12:35.266+0000] {processor.py:183} INFO - Processing /opt/airflow/dags/football_backfill_manual.py took 0.056 seconds
[2026-03-06T09:13:05.416+0000] {processor.py:161} INFO - Started process (PID=655) to work on /opt/airflow/dags/football_backfill_manual.py
[2026-03-06T09:13:05.417+0000] {processor.py:830} INFO - Processing file /opt/airflow/dags/football_backfill_manual.py for tasks to queue
[2026-03-06T09:13:05.418+0000] {logging_mixin.py:188} INFO - [2026-03-06T09:13:05.418+0000] {dagbag.py:545} INFO - Filling up the DagBag from /opt/airflow/dags/football_backfill_manual.py
[2026-03-06T09:13:05.431+0000] {processor.py:840} INFO - DAG(s) 'football_backfill_manual' retrieved from /opt/airflow/dags/football_backfill_manual.py
[2026-03-06T09:13:05.452+0000] {logging_mixin.py:188} INFO - [2026-03-06T09:13:05.451+0000] {dag.py:3089} INFO - Sync 1 DAGs
[2026-03-06T09:13:05.460+0000] {logging_mixin.py:188} INFO - [2026-03-06T09:13:05.459+0000] {dag.py:3947} INFO - Setting next_dagrun for football_backfill_manual to None, run_after=None
[2026-03-06T09:13:05.473+0000] {processor.py:183} INFO - Processing /opt/airflow/dags/football_backfill_manual.py took 0.061 seconds
[2026-03-06T09:13:35.625+0000] {processor.py:161} INFO - Started process (PID=669) to work on /opt/airflow/dags/football_backfill_manual.py
[2026-03-06T09:13:35.626+0000] {processor.py:830} INFO - Processing file /opt/airflow/dags/football_backfill_manual.py for tasks to queue
[2026-03-06T09:13:35.627+0000] {logging_mixin.py:188} INFO - [2026-03-06T09:13:35.627+0000] {dagbag.py:545} INFO - Filling up the DagBag from /opt/airflow/dags/football_backfill_manual.py
[2026-03-06T09:13:35.641+0000] {processor.py:840} INFO - DAG(s) 'football_backfill_manual' retrieved from /opt/airflow/dags/football_backfill_manual.py
[2026-03-06T09:13:35.662+0000] {logging_mixin.py:188} INFO - [2026-03-06T09:13:35.662+0000] {dag.py:3089} INFO - Sync 1 DAGs
[2026-03-06T09:13:35.669+0000] {logging_mixin.py:188} INFO - [2026-03-06T09:13:35.669+0000] {dag.py:3947} INFO - Setting next_dagrun for football_backfill_manual to None, run_after=None
[2026-03-06T09:13:35.683+0000] {processor.py:183} INFO - Processing /opt/airflow/dags/football_backfill_manual.py took 0.062 seconds
[2026-03-06T09:14:05.835+0000] {processor.py:161} INFO - Started process (PID=683) to work on /opt/airflow/dags/football_backfill_manual.py
[2026-03-06T09:14:05.835+0000] {processor.py:830} INFO - Processing file /opt/airflow/dags/football_backfill_manual.py for tasks to queue
[2026-03-06T09:14:05.836+0000] {logging_mixin.py:188} INFO - [2026-03-06T09:14:05.836+0000] {dagbag.py:545} INFO - Filling up the DagBag from /opt/airflow/dags/football_backfill_manual.py
[2026-03-06T09:14:05.849+0000] {processor.py:840} INFO - DAG(s) 'football_backfill_manual' retrieved from /opt/airflow/dags/football_backfill_manual.py
[2026-03-06T09:14:05.870+0000] {logging_mixin.py:188} INFO - [2026-03-06T09:14:05.870+0000] {dag.py:3089} INFO - Sync 1 DAGs
[2026-03-06T09:14:05.877+0000] {logging_mixin.py:188} INFO - [2026-03-06T09:14:05.877+0000] {dag.py:3947} INFO - Setting next_dagrun for football_backfill_manual to None, run_after=None
[2026-03-06T09:14:05.892+0000] {processor.py:183} INFO - Processing /opt/airflow/dags/football_backfill_manual.py took 0.061 seconds
[2026-03-06T09:14:36.076+0000] {processor.py:161} INFO - Started process (PID=697) to work on /opt/airflow/dags/football_backfill_manual.py
[2026-03-06T09:14:36.077+0000] {processor.py:830} INFO - Processing file /opt/airflow/dags/football_backfill_manual.py for tasks to queue
[2026-03-06T09:14:36.078+0000] {logging_mixin.py:188} INFO - [2026-03-06T09:14:36.078+0000] {dagbag.py:545} INFO - Filling up the DagBag from /opt/airflow/dags/football_backfill_manual.py
[2026-03-06T09:14:36.092+0000] {processor.py:840} INFO - DAG(s) 'football_backfill_manual' retrieved from /opt/airflow/dags/football_backfill_manual.py
[2026-03-06T09:14:36.113+0000] {logging_mixin.py:188} INFO - [2026-03-06T09:14:36.113+0000] {dag.py:3089} INFO - Sync 1 DAGs
[2026-03-06T09:14:36.121+0000] {logging_mixin.py:188} INFO - [2026-03-06T09:14:36.121+0000] {dag.py:3947} INFO - Setting next_dagrun for football_backfill_manual to None, run_after=None
[2026-03-06T09:14:36.136+0000] {processor.py:183} INFO - Processing /opt/airflow/dags/football_backfill_manual.py took 0.064 seconds
[2026-03-06T09:15:06.291+0000] {processor.py:161} INFO - Started process (PID=711) to work on /opt/airflow/dags/football_backfill_manual.py
[2026-03-06T09:15:06.292+0000] {processor.py:830} INFO - Processing file /opt/airflow/dags/football_backfill_manual.py for tasks to queue
[2026-03-06T09:15:06.293+0000] {logging_mixin.py:188} INFO - [2026-03-06T09:15:06.293+0000] {dagbag.py:545} INFO - Filling up the DagBag from /opt/airflow/dags/football_backfill_manual.py
[2026-03-06T09:15:06.307+0000] {processor.py:840} INFO - DAG(s) 'football_backfill_manual' retrieved from /opt/airflow/dags/football_backfill_manual.py
[2026-03-06T09:15:06.329+0000] {logging_mixin.py:188} INFO - [2026-03-06T09:15:06.329+0000] {dag.py:3089} INFO - Sync 1 DAGs
[2026-03-06T09:15:06.337+0000] {logging_mixin.py:188} INFO - [2026-03-06T09:15:06.336+0000] {dag.py:3947} INFO - Setting next_dagrun for football_backfill_manual to None, run_after=None
[2026-03-06T09:15:06.350+0000] {processor.py:183} INFO - Processing /opt/airflow/dags/football_backfill_manual.py took 0.063 seconds
[2026-03-06T09:15:36.509+0000] {processor.py:161} INFO - Started process (PID=725) to work on /opt/airflow/dags/football_backfill_manual.py
[2026-03-06T09:15:36.510+0000] {processor.py:830} INFO - Processing file /opt/airflow/dags/football_backfill_manual.py for tasks to queue
[2026-03-06T09:15:36.512+0000] {logging_mixin.py:188} INFO - [2026-03-06T09:15:36.511+0000] {dagbag.py:545} INFO - Filling up the DagBag from /opt/airflow/dags/football_backfill_manual.py
[2026-03-06T09:15:36.525+0000] {processor.py:840} INFO - DAG(s) 'football_backfill_manual' retrieved from /opt/airflow/dags/football_backfill_manual.py
[2026-03-06T09:15:36.545+0000] {logging_mixin.py:188} INFO - [2026-03-06T09:15:36.545+0000] {dag.py:3089} INFO - Sync 1 DAGs
[2026-03-06T09:15:36.552+0000] {logging_mixin.py:188} INFO - [2026-03-06T09:15:36.552+0000] {dag.py:3947} INFO - Setting next_dagrun for football_backfill_manual to None, run_after=None
[2026-03-06T09:15:36.565+0000] {processor.py:183} INFO - Processing /opt/airflow/dags/football_backfill_manual.py took 0.060 seconds
[2026-03-06T09:16:06.713+0000] {processor.py:161} INFO - Started process (PID=739) to work on /opt/airflow/dags/football_backfill_manual.py
[2026-03-06T09:16:06.713+0000] {processor.py:830} INFO - Processing file /opt/airflow/dags/football_backfill_manual.py for tasks to queue
[2026-03-06T09:16:06.715+0000] {logging_mixin.py:188} INFO - [2026-03-06T09:16:06.714+0000] {dagbag.py:545} INFO - Filling up the DagBag from /opt/airflow/dags/football_backfill_manual.py
[2026-03-06T09:16:06.728+0000] {processor.py:840} INFO - DAG(s) 'football_backfill_manual' retrieved from /opt/airflow/dags/football_backfill_manual.py
[2026-03-06T09:16:06.749+0000] {logging_mixin.py:188} INFO - [2026-03-06T09:16:06.749+0000] {dag.py:3089} INFO - Sync 1 DAGs
[2026-03-06T09:16:06.757+0000] {logging_mixin.py:188} INFO - [2026-03-06T09:16:06.756+0000] {dag.py:3947} INFO - Setting next_dagrun for football_backfill_manual to None, run_after=None
[2026-03-06T09:16:06.769+0000] {processor.py:183} INFO - Processing /opt/airflow/dags/football_backfill_manual.py took 0.060 seconds
[2026-03-06T09:16:36.916+0000] {processor.py:161} INFO - Started process (PID=753) to work on /opt/airflow/dags/football_backfill_manual.py
[2026-03-06T09:16:36.916+0000] {processor.py:830} INFO - Processing file /opt/airflow/dags/football_backfill_manual.py for tasks to queue
[2026-03-06T09:16:36.918+0000] {logging_mixin.py:188} INFO - [2026-03-06T09:16:36.918+0000] {dagbag.py:545} INFO - Filling up the DagBag from /opt/airflow/dags/football_backfill_manual.py
[2026-03-06T09:16:36.931+0000] {processor.py:840} INFO - DAG(s) 'football_backfill_manual' retrieved from /opt/airflow/dags/football_backfill_manual.py
[2026-03-06T09:16:36.955+0000] {logging_mixin.py:188} INFO - [2026-03-06T09:16:36.954+0000] {dag.py:3089} INFO - Sync 1 DAGs
[2026-03-06T09:16:36.962+0000] {logging_mixin.py:188} INFO - [2026-03-06T09:16:36.962+0000] {dag.py:3947} INFO - Setting next_dagrun for football_backfill_manual to None, run_after=None
[2026-03-06T09:16:36.976+0000] {processor.py:183} INFO - Processing /opt/airflow/dags/football_backfill_manual.py took 0.064 seconds
[2026-03-06T09:17:07.119+0000] {processor.py:161} INFO - Started process (PID=767) to work on /opt/airflow/dags/football_backfill_manual.py
[2026-03-06T09:17:07.119+0000] {processor.py:830} INFO - Processing file /opt/airflow/dags/football_backfill_manual.py for tasks to queue
[2026-03-06T09:17:07.121+0000] {logging_mixin.py:188} INFO - [2026-03-06T09:17:07.121+0000] {dagbag.py:545} INFO - Filling up the DagBag from /opt/airflow/dags/football_backfill_manual.py
[2026-03-06T09:17:07.134+0000] {processor.py:840} INFO - DAG(s) 'football_backfill_manual' retrieved from /opt/airflow/dags/football_backfill_manual.py
[2026-03-06T09:17:07.154+0000] {logging_mixin.py:188} INFO - [2026-03-06T09:17:07.154+0000] {dag.py:3089} INFO - Sync 1 DAGs
[2026-03-06T09:17:07.162+0000] {logging_mixin.py:188} INFO - [2026-03-06T09:17:07.161+0000] {dag.py:3947} INFO - Setting next_dagrun for football_backfill_manual to None, run_after=None
[2026-03-06T09:17:07.176+0000] {processor.py:183} INFO - Processing /opt/airflow/dags/football_backfill_manual.py took 0.061 seconds
[2026-03-06T09:17:37.329+0000] {processor.py:161} INFO - Started process (PID=781) to work on /opt/airflow/dags/football_backfill_manual.py
[2026-03-06T09:17:37.329+0000] {processor.py:830} INFO - Processing file /opt/airflow/dags/football_backfill_manual.py for tasks to queue
[2026-03-06T09:17:37.330+0000] {logging_mixin.py:188} INFO - [2026-03-06T09:17:37.330+0000] {dagbag.py:545} INFO - Filling up the DagBag from /opt/airflow/dags/football_backfill_manual.py
[2026-03-06T09:17:37.343+0000] {processor.py:840} INFO - DAG(s) 'football_backfill_manual' retrieved from /opt/airflow/dags/football_backfill_manual.py
[2026-03-06T09:17:37.364+0000] {logging_mixin.py:188} INFO - [2026-03-06T09:17:37.363+0000] {dag.py:3089} INFO - Sync 1 DAGs
[2026-03-06T09:17:37.371+0000] {logging_mixin.py:188} INFO - [2026-03-06T09:17:37.370+0000] {dag.py:3947} INFO - Setting next_dagrun for football_backfill_manual to None, run_after=None
[2026-03-06T09:17:37.383+0000] {processor.py:183} INFO - Processing /opt/airflow/dags/football_backfill_manual.py took 0.058 seconds
[2026-03-06T09:18:07.528+0000] {processor.py:161} INFO - Started process (PID=795) to work on /opt/airflow/dags/football_backfill_manual.py
[2026-03-06T09:18:07.528+0000] {processor.py:830} INFO - Processing file /opt/airflow/dags/football_backfill_manual.py for tasks to queue
[2026-03-06T09:18:07.529+0000] {logging_mixin.py:188} INFO - [2026-03-06T09:18:07.529+0000] {dagbag.py:545} INFO - Filling up the DagBag from /opt/airflow/dags/football_backfill_manual.py
[2026-03-06T09:18:07.543+0000] {processor.py:840} INFO - DAG(s) 'football_backfill_manual' retrieved from /opt/airflow/dags/football_backfill_manual.py
[2026-03-06T09:18:07.563+0000] {logging_mixin.py:188} INFO - [2026-03-06T09:18:07.563+0000] {dag.py:3089} INFO - Sync 1 DAGs
[2026-03-06T09:18:07.571+0000] {logging_mixin.py:188} INFO - [2026-03-06T09:18:07.570+0000] {dag.py:3947} INFO - Setting next_dagrun for football_backfill_manual to None, run_after=None
[2026-03-06T09:18:07.585+0000] {processor.py:183} INFO - Processing /opt/airflow/dags/football_backfill_manual.py took 0.061 seconds
[2026-03-06T09:18:37.729+0000] {processor.py:161} INFO - Started process (PID=809) to work on /opt/airflow/dags/football_backfill_manual.py
[2026-03-06T09:18:37.730+0000] {processor.py:830} INFO - Processing file /opt/airflow/dags/football_backfill_manual.py for tasks to queue
[2026-03-06T09:18:37.731+0000] {logging_mixin.py:188} INFO - [2026-03-06T09:18:37.731+0000] {dagbag.py:545} INFO - Filling up the DagBag from /opt/airflow/dags/football_backfill_manual.py
[2026-03-06T09:18:37.746+0000] {processor.py:840} INFO - DAG(s) 'football_backfill_manual' retrieved from /opt/airflow/dags/football_backfill_manual.py
[2026-03-06T09:18:37.768+0000] {logging_mixin.py:188} INFO - [2026-03-06T09:18:37.768+0000] {dag.py:3089} INFO - Sync 1 DAGs
[2026-03-06T09:18:37.777+0000] {logging_mixin.py:188} INFO - [2026-03-06T09:18:37.776+0000] {dag.py:3947} INFO - Setting next_dagrun for football_backfill_manual to None, run_after=None
[2026-03-06T09:18:37.791+0000] {processor.py:183} INFO - Processing /opt/airflow/dags/football_backfill_manual.py took 0.066 seconds
[2026-03-06T09:19:07.937+0000] {processor.py:161} INFO - Started process (PID=823) to work on /opt/airflow/dags/football_backfill_manual.py
[2026-03-06T09:19:07.937+0000] {processor.py:830} INFO - Processing file /opt/airflow/dags/football_backfill_manual.py for tasks to queue
[2026-03-06T09:19:07.938+0000] {logging_mixin.py:188} INFO - [2026-03-06T09:19:07.938+0000] {dagbag.py:545} INFO - Filling up the DagBag from /opt/airflow/dags/football_backfill_manual.py
[2026-03-06T09:19:07.953+0000] {processor.py:840} INFO - DAG(s) 'football_backfill_manual' retrieved from /opt/airflow/dags/football_backfill_manual.py
[2026-03-06T09:19:07.973+0000] {logging_mixin.py:188} INFO - [2026-03-06T09:19:07.973+0000] {dag.py:3089} INFO - Sync 1 DAGs
[2026-03-06T09:19:07.981+0000] {logging_mixin.py:188} INFO - [2026-03-06T09:19:07.981+0000] {dag.py:3947} INFO - Setting next_dagrun for football_backfill_manual to None, run_after=None
[2026-03-06T09:19:07.996+0000] {processor.py:183} INFO - Processing /opt/airflow/dags/football_backfill_manual.py took 0.063 seconds
[2026-03-06T09:19:38.134+0000] {processor.py:161} INFO - Started process (PID=837) to work on /opt/airflow/dags/football_backfill_manual.py
[2026-03-06T09:19:38.134+0000] {processor.py:830} INFO - Processing file /opt/airflow/dags/football_backfill_manual.py for tasks to queue
[2026-03-06T09:19:38.135+0000] {logging_mixin.py:188} INFO - [2026-03-06T09:19:38.135+0000] {dagbag.py:545} INFO - Filling up the DagBag from /opt/airflow/dags/football_backfill_manual.py
[2026-03-06T09:19:38.148+0000] {processor.py:840} INFO - DAG(s) 'football_backfill_manual' retrieved from /opt/airflow/dags/football_backfill_manual.py
[2026-03-06T09:19:38.168+0000] {logging_mixin.py:188} INFO - [2026-03-06T09:19:38.168+0000] {dag.py:3089} INFO - Sync 1 DAGs
[2026-03-06T09:19:38.175+0000] {logging_mixin.py:188} INFO - [2026-03-06T09:19:38.175+0000] {dag.py:3947} INFO - Setting next_dagrun for football_backfill_manual to None, run_after=None
[2026-03-06T09:19:38.188+0000] {processor.py:183} INFO - Processing /opt/airflow/dags/football_backfill_manual.py took 0.059 seconds
[2026-03-06T09:20:08.294+0000] {processor.py:161} INFO - Started process (PID=845) to work on /opt/airflow/dags/football_backfill_manual.py
[2026-03-06T09:20:08.295+0000] {processor.py:830} INFO - Processing file /opt/airflow/dags/football_backfill_manual.py for tasks to queue
[2026-03-06T09:20:08.297+0000] {logging_mixin.py:188} INFO - [2026-03-06T09:20:08.296+0000] {dagbag.py:545} INFO - Filling up the DagBag from /opt/airflow/dags/football_backfill_manual.py
[2026-03-06T09:20:08.315+0000] {processor.py:840} INFO - DAG(s) 'football_backfill_manual' retrieved from /opt/airflow/dags/football_backfill_manual.py
[2026-03-06T09:20:08.341+0000] {logging_mixin.py:188} INFO - [2026-03-06T09:20:08.340+0000] {dag.py:3089} INFO - Sync 1 DAGs
[2026-03-06T09:20:08.353+0000] {logging_mixin.py:188} INFO - [2026-03-06T09:20:08.352+0000] {dag.py:3947} INFO - Setting next_dagrun for football_backfill_manual to None, run_after=None
[2026-03-06T09:20:08.370+0000] {processor.py:183} INFO - Processing /opt/airflow/dags/football_backfill_manual.py took 0.081 seconds
[2026-03-06T09:20:38.539+0000] {processor.py:161} INFO - Started process (PID=856) to work on /opt/airflow/dags/football_backfill_manual.py
[2026-03-06T09:20:38.540+0000] {processor.py:830} INFO - Processing file /opt/airflow/dags/football_backfill_manual.py for tasks to queue
[2026-03-06T09:20:38.541+0000] {logging_mixin.py:188} INFO - [2026-03-06T09:20:38.541+0000] {dagbag.py:545} INFO - Filling up the DagBag from /opt/airflow/dags/football_backfill_manual.py
[2026-03-06T09:20:38.555+0000] {processor.py:840} INFO - DAG(s) 'football_backfill_manual' retrieved from /opt/airflow/dags/football_backfill_manual.py
[2026-03-06T09:20:38.575+0000] {logging_mixin.py:188} INFO - [2026-03-06T09:20:38.575+0000] {dag.py:3089} INFO - Sync 1 DAGs
[2026-03-06T09:20:38.583+0000] {logging_mixin.py:188} INFO - [2026-03-06T09:20:38.583+0000] {dag.py:3947} INFO - Setting next_dagrun for football_backfill_manual to None, run_after=None
[2026-03-06T09:20:38.596+0000] {processor.py:183} INFO - Processing /opt/airflow/dags/football_backfill_manual.py took 0.061 seconds
