[2026-03-06T07:59:49.437+0000] {local_task_job_runner.py:120} INFO - ::group::Pre task execution logs
[2026-03-06T07:59:49.459+0000] {taskinstance.py:2076} INFO - Dependencies all met for dep_context=non-requeueable deps ti=<TaskInstance: football_daily_pipeline.ingest_matches_incremental_to_minio manual__2026-03-06T07:59:48.549323+00:00 [queued]>
[2026-03-06T07:59:49.465+0000] {taskinstance.py:2076} INFO - Dependencies all met for dep_context=requeueable deps ti=<TaskInstance: football_daily_pipeline.ingest_matches_incremental_to_minio manual__2026-03-06T07:59:48.549323+00:00 [queued]>
[2026-03-06T07:59:49.465+0000] {taskinstance.py:2306} INFO - Starting attempt 1 of 3
[2026-03-06T07:59:49.475+0000] {taskinstance.py:2330} INFO - Executing <Task(BashOperator): ingest_matches_incremental_to_minio> on 2026-03-06 07:59:48.549323+00:00
[2026-03-06T07:59:49.483+0000] {logging_mixin.py:188} WARNING - /home/***/.local/lib/python3.12/site-packages/***/task/task_runner/standard_task_runner.py:62 DeprecationWarning: This process (pid=232) is multi-threaded, use of fork() may lead to deadlocks in the child.
[2026-03-06T07:59:49.482+0000] {standard_task_runner.py:90} INFO - Running: ['***', 'tasks', 'run', 'football_daily_pipeline', 'ingest_matches_incremental_to_minio', 'manual__2026-03-06T07:59:48.549323+00:00', '--job-id', '6', '--raw', '--subdir', 'DAGS_FOLDER/football_daily_pipeline.py', '--cfg-path', '/tmp/tmpf3nm01yb']
[2026-03-06T07:59:49.484+0000] {standard_task_runner.py:64} INFO - Started process 233 to run task
[2026-03-06T07:59:49.484+0000] {standard_task_runner.py:91} INFO - Job 6: Subtask ingest_matches_incremental_to_minio
[2026-03-06T07:59:49.531+0000] {task_command.py:426} INFO - Running <TaskInstance: football_daily_pipeline.ingest_matches_incremental_to_minio manual__2026-03-06T07:59:48.549323+00:00 [running]> on host 36200576b232
[2026-03-06T07:59:49.592+0000] {taskinstance.py:2648} INFO - Exporting env vars: AIRFLOW_CTX_DAG_OWNER='data-engineering' AIRFLOW_CTX_DAG_ID='football_daily_pipeline' AIRFLOW_CTX_TASK_ID='ingest_matches_incremental_to_minio' AIRFLOW_CTX_EXECUTION_DATE='2026-03-06T07:59:48.549323+00:00' AIRFLOW_CTX_TRY_NUMBER='1' AIRFLOW_CTX_DAG_RUN_ID='manual__2026-03-06T07:59:48.549323+00:00'
[2026-03-06T07:59:49.593+0000] {taskinstance.py:430} INFO - ::endgroup::
[2026-03-06T07:59:49.603+0000] {subprocess.py:63} INFO - Tmp dir root location: /tmp
[2026-03-06T07:59:49.604+0000] {subprocess.py:75} INFO - Running command: ['/usr/bin/bash', '-c', 'cd /opt/***/repo && python -m ingestion.src.ingest_matches_incremental']
[2026-03-06T07:59:49.614+0000] {subprocess.py:86} INFO - Output:
[2026-03-06T07:59:50.105+0000] {subprocess.py:93} INFO - 2026-03-06 07:59:50 | INFO | ingest_matches_incremental | Targets: ['PL']
[2026-03-06T07:59:50.106+0000] {subprocess.py:93} INFO - 2026-03-06 07:59:50 | INFO | ingest_matches_incremental | Window: dateFrom=2026-03-05, dateTo=2026-03-13
[2026-03-06T07:59:50.106+0000] {subprocess.py:93} INFO - 2026-03-06 07:59:50 | INFO | ingest_matches_incremental | Fetching matches for competition=PL ...
[2026-03-06T07:59:57.239+0000] {subprocess.py:93} INFO - 2026-03-06 07:59:57 | INFO | ingest_matches_incremental | Saved 1 matches to s3://football-bronze/endpoint=matches/competition=PL/dateFrom=2026-03-05/dateTo=2026-03-13/dt=2026-03-06/run_id=c437cdff-5412-4e53-b75a-53410961e134.json
[2026-03-06T07:59:57.250+0000] {subprocess.py:93} INFO - 2026-03-06 07:59:57 | INFO | ingest_matches_incremental | Wrote manifest to s3://football-bronze/endpoint=matches/competition=PL/dateFrom=2026-03-05/dateTo=2026-03-13/dt=2026-03-06/run_id=c437cdff-5412-4e53-b75a-53410961e134.manifest.json
[2026-03-06T07:59:57.251+0000] {subprocess.py:93} INFO - 2026-03-06 07:59:57 | INFO | ingest_matches_incremental | ✅ Incremental matches ingestion complete.
[2026-03-06T07:59:57.297+0000] {subprocess.py:97} INFO - Command exited with return code 0
[2026-03-06T07:59:57.298+0000] {taskinstance.py:441} INFO - ::group::Post task execution logs
[2026-03-06T07:59:57.318+0000] {taskinstance.py:1206} INFO - Marking task as SUCCESS. dag_id=football_daily_pipeline, task_id=ingest_matches_incremental_to_minio, run_id=manual__2026-03-06T07:59:48.549323+00:00, execution_date=20260306T075948, start_date=20260306T075949, end_date=20260306T075957
[2026-03-06T07:59:57.354+0000] {local_task_job_runner.py:243} INFO - Task exited with return code 0
[2026-03-06T07:59:57.370+0000] {taskinstance.py:3503} INFO - 1 downstream tasks scheduled from follow-on schedule check
[2026-03-06T07:59:57.373+0000] {local_task_job_runner.py:222} INFO - ::endgroup::
