[2026-03-06T09:05:04.236+0000] {local_task_job_runner.py:120} INFO - ::group::Pre task execution logs
[2026-03-06T09:05:04.254+0000] {taskinstance.py:2076} INFO - Dependencies all met for dep_context=non-requeueable deps ti=<TaskInstance: football_daily_pipeline.dbt_run manual__2026-03-06T09:04:51.152573+00:00 [queued]>
[2026-03-06T09:05:04.259+0000] {taskinstance.py:2076} INFO - Dependencies all met for dep_context=requeueable deps ti=<TaskInstance: football_daily_pipeline.dbt_run manual__2026-03-06T09:04:51.152573+00:00 [queued]>
[2026-03-06T09:05:04.259+0000] {taskinstance.py:2306} INFO - Starting attempt 1 of 3
[2026-03-06T09:05:04.268+0000] {taskinstance.py:2330} INFO - Executing <Task(BashOperator): dbt_run> on 2026-03-06 09:04:51.152573+00:00
[2026-03-06T09:05:04.276+0000] {standard_task_runner.py:90} INFO - Running: ['***', 'tasks', 'run', 'football_daily_pipeline', 'dbt_run', 'manual__2026-03-06T09:04:51.152573+00:00', '--job-id', '63', '--raw', '--subdir', 'DAGS_FOLDER/football_daily_pipeline.py', '--cfg-path', '/tmp/tmpf1rm21vb']
[2026-03-06T09:05:04.277+0000] {logging_mixin.py:188} WARNING - /home/***/.local/lib/python3.12/site-packages/***/task/task_runner/standard_task_runner.py:62 DeprecationWarning: This process (pid=296) is multi-threaded, use of fork() may lead to deadlocks in the child.
[2026-03-06T09:05:04.278+0000] {standard_task_runner.py:91} INFO - Job 63: Subtask dbt_run
[2026-03-06T09:05:04.278+0000] {standard_task_runner.py:64} INFO - Started process 301 to run task
[2026-03-06T09:05:04.316+0000] {task_command.py:426} INFO - Running <TaskInstance: football_daily_pipeline.dbt_run manual__2026-03-06T09:04:51.152573+00:00 [running]> on host 0e15f5aca9c7
[2026-03-06T09:05:04.373+0000] {taskinstance.py:2648} INFO - Exporting env vars: AIRFLOW_CTX_DAG_OWNER='data-engineering' AIRFLOW_CTX_DAG_ID='football_daily_pipeline' AIRFLOW_CTX_TASK_ID='dbt_run' AIRFLOW_CTX_EXECUTION_DATE='2026-03-06T09:04:51.152573+00:00' AIRFLOW_CTX_TRY_NUMBER='1' AIRFLOW_CTX_DAG_RUN_ID='manual__2026-03-06T09:04:51.152573+00:00'
[2026-03-06T09:05:04.374+0000] {taskinstance.py:430} INFO - ::endgroup::
[2026-03-06T09:05:04.380+0000] {subprocess.py:63} INFO - Tmp dir root location: /tmp
[2026-03-06T09:05:04.381+0000] {subprocess.py:75} INFO - Running command: ['/usr/bin/bash', '-c', 'export DBT_PROFILES_DIR=/opt/***/repo/dbt && cd /opt/***/repo/dbt/football_dbt && dbt run']
[2026-03-06T09:05:04.392+0000] {subprocess.py:86} INFO - Output:
[2026-03-06T09:05:05.809+0000] {subprocess.py:93} INFO - [0m09:05:05  Running with dbt=1.11.7
[2026-03-06T09:05:06.435+0000] {subprocess.py:93} INFO - [0m09:05:06  Registered adapter: snowflake=1.11.3
[2026-03-06T09:05:06.602+0000] {subprocess.py:93} INFO - [0m09:05:06  Unable to do partial parsing because profile has changed
[2026-03-06T09:05:07.476+0000] {subprocess.py:93} INFO - [0m09:05:07  [[33mWARNING[0m][MissingArgumentsPropertyInGenericTestDeprecation]: Deprecated
[2026-03-06T09:05:07.477+0000] {subprocess.py:93} INFO - functionality
[2026-03-06T09:05:07.477+0000] {subprocess.py:93} INFO - Found top-level arguments to test `accepted_values` defined on 'matches_latest'
[2026-03-06T09:05:07.477+0000] {subprocess.py:93} INFO - in package 'football_dbt' (models/silver/schema.yml). Arguments to generic tests
[2026-03-06T09:05:07.478+0000] {subprocess.py:93} INFO - should be nested under the `arguments` property.
[2026-03-06T09:05:07.713+0000] {subprocess.py:93} INFO - [0m09:05:07  Found 5 models, 17 data tests, 3 sources, 523 macros
[2026-03-06T09:05:07.716+0000] {subprocess.py:93} INFO - [0m09:05:07
[2026-03-06T09:05:07.717+0000] {subprocess.py:93} INFO - [0m09:05:07  Concurrency: 4 threads (target='dev')
[2026-03-06T09:05:07.718+0000] {subprocess.py:93} INFO - [0m09:05:07
[2026-03-06T09:05:08.488+0000] {subprocess.py:93} INFO - [0m09:05:08  1 of 5 START sql view model SILVER.v_matches ................................... [RUN]
[2026-03-06T09:05:08.948+0000] {subprocess.py:93} INFO - [0m09:05:08  1 of 5 OK created sql view model SILVER.v_matches .............................. [[32mSUCCESS 1[0m in 0.46s]
[2026-03-06T09:05:08.951+0000] {subprocess.py:93} INFO - [0m09:05:08  2 of 5 START sql incremental model SILVER.matches_latest ....................... [RUN]
[2026-03-06T09:05:12.631+0000] {subprocess.py:93} INFO - [0m09:05:12  2 of 5 OK created sql incremental model SILVER.matches_latest .................. [[32mSUCCESS 291[0m in 3.68s]
[2026-03-06T09:05:12.635+0000] {subprocess.py:93} INFO - [0m09:05:12  3 of 5 START sql table model GOLD.league_table_snapshot ........................ [RUN]
[2026-03-06T09:05:12.636+0000] {subprocess.py:93} INFO - [0m09:05:12  4 of 5 START sql table model GOLD.team_form_last5 .............................. [RUN]
[2026-03-06T09:05:12.637+0000] {subprocess.py:93} INFO - [0m09:05:12  5 of 5 START sql incremental model SILVER.teams ................................ [RUN]
[2026-03-06T09:05:13.422+0000] {subprocess.py:93} INFO - [0m09:05:13  3 of 5 OK created sql table model GOLD.league_table_snapshot ................... [[32mSUCCESS 20[0m in 0.78s]
[2026-03-06T09:05:13.652+0000] {subprocess.py:93} INFO - [0m09:05:13  4 of 5 OK created sql table model GOLD.team_form_last5 ......................... [[32mSUCCESS 20[0m in 1.01s]
[2026-03-06T09:05:14.442+0000] {subprocess.py:93} INFO - [0m09:05:14  5 of 5 OK created sql incremental model SILVER.teams ........................... [[32mSUCCESS 20[0m in 1.80s]
[2026-03-06T09:05:14.941+0000] {subprocess.py:93} INFO - [0m09:05:14
[2026-03-06T09:05:14.944+0000] {subprocess.py:93} INFO - [0m09:05:14  Finished running 2 incremental models, 2 table models, 1 view model in 0 hours 0 minutes and 7.22 seconds (7.22s).
[2026-03-06T09:05:15.075+0000] {subprocess.py:93} INFO - [0m09:05:15
[2026-03-06T09:05:15.076+0000] {subprocess.py:93} INFO - [0m09:05:15  [32mCompleted successfully[0m
[2026-03-06T09:05:15.077+0000] {subprocess.py:93} INFO - [0m09:05:15
[2026-03-06T09:05:15.078+0000] {subprocess.py:93} INFO - [0m09:05:15  Done. PASS=5 WARN=0 ERROR=0 SKIP=0 NO-OP=0 TOTAL=5
[2026-03-06T09:05:15.079+0000] {subprocess.py:93} INFO - [0m09:05:15  [[33mWARNING[0m][DeprecationsSummary]: Deprecated functionality
[2026-03-06T09:05:15.079+0000] {subprocess.py:93} INFO - Summary of encountered deprecations:
[2026-03-06T09:05:15.079+0000] {subprocess.py:93} INFO - - MissingArgumentsPropertyInGenericTestDeprecation: 1 occurrence
[2026-03-06T09:05:15.079+0000] {subprocess.py:93} INFO - To see all deprecation instances instead of just the first occurrence of each,
[2026-03-06T09:05:15.079+0000] {subprocess.py:93} INFO - run command again with the `--show-all-deprecations` flag. You may also need to
[2026-03-06T09:05:15.080+0000] {subprocess.py:93} INFO - run with `--no-partial-parse` as some deprecations are only encountered during
[2026-03-06T09:05:15.080+0000] {subprocess.py:93} INFO - parsing.
[2026-03-06T09:05:17.061+0000] {subprocess.py:97} INFO - Command exited with return code 0
[2026-03-06T09:05:17.062+0000] {taskinstance.py:441} INFO - ::group::Post task execution logs
[2026-03-06T09:05:17.082+0000] {taskinstance.py:1206} INFO - Marking task as SUCCESS. dag_id=football_daily_pipeline, task_id=dbt_run, run_id=manual__2026-03-06T09:04:51.152573+00:00, execution_date=20260306T090451, start_date=20260306T090504, end_date=20260306T090517
[2026-03-06T09:05:17.111+0000] {local_task_job_runner.py:243} INFO - Task exited with return code 0
[2026-03-06T09:05:17.126+0000] {taskinstance.py:3503} INFO - 1 downstream tasks scheduled from follow-on schedule check
[2026-03-06T09:05:17.128+0000] {local_task_job_runner.py:222} INFO - ::endgroup::
