[2026-03-06T08:58:44.424+0000] {local_task_job_runner.py:120} INFO - ::group::Pre task execution logs
[2026-03-06T08:58:44.446+0000] {taskinstance.py:2076} INFO - Dependencies all met for dep_context=non-requeueable deps ti=<TaskInstance: football_daily_pipeline.load_incremental_minio_to_snowflake manual__2026-03-06T08:58:39.848817+00:00 [queued]>
[2026-03-06T08:58:44.451+0000] {taskinstance.py:2076} INFO - Dependencies all met for dep_context=requeueable deps ti=<TaskInstance: football_daily_pipeline.load_incremental_minio_to_snowflake manual__2026-03-06T08:58:39.848817+00:00 [queued]>
[2026-03-06T08:58:44.452+0000] {taskinstance.py:2306} INFO - Starting attempt 1 of 3
[2026-03-06T08:58:44.461+0000] {taskinstance.py:2330} INFO - Executing <Task(BashOperator): load_incremental_minio_to_snowflake> on 2026-03-06 08:58:39.848817+00:00
[2026-03-06T08:58:44.471+0000] {logging_mixin.py:188} WARNING - /home/***/.local/lib/python3.12/site-packages/***/task/task_runner/standard_task_runner.py:62 DeprecationWarning: This process (pid=253) is multi-threaded, use of fork() may lead to deadlocks in the child.
[2026-03-06T08:58:44.470+0000] {standard_task_runner.py:90} INFO - Running: ['***', 'tasks', 'run', 'football_daily_pipeline', 'load_incremental_minio_to_snowflake', 'manual__2026-03-06T08:58:39.848817+00:00', '--job-id', '49', '--raw', '--subdir', 'DAGS_FOLDER/football_daily_pipeline.py', '--cfg-path', '/tmp/tmpg6xi9cdq']
[2026-03-06T08:58:44.472+0000] {standard_task_runner.py:64} INFO - Started process 256 to run task
[2026-03-06T08:58:44.472+0000] {standard_task_runner.py:91} INFO - Job 49: Subtask load_incremental_minio_to_snowflake
[2026-03-06T08:58:44.517+0000] {task_command.py:426} INFO - Running <TaskInstance: football_daily_pipeline.load_incremental_minio_to_snowflake manual__2026-03-06T08:58:39.848817+00:00 [running]> on host b92385dc1f3b
[2026-03-06T08:58:44.587+0000] {taskinstance.py:2648} INFO - Exporting env vars: AIRFLOW_CTX_DAG_OWNER='data-engineering' AIRFLOW_CTX_DAG_ID='football_daily_pipeline' AIRFLOW_CTX_TASK_ID='load_incremental_minio_to_snowflake' AIRFLOW_CTX_EXECUTION_DATE='2026-03-06T08:58:39.848817+00:00' AIRFLOW_CTX_TRY_NUMBER='1' AIRFLOW_CTX_DAG_RUN_ID='manual__2026-03-06T08:58:39.848817+00:00'
[2026-03-06T08:58:44.588+0000] {taskinstance.py:430} INFO - ::endgroup::
[2026-03-06T08:58:44.596+0000] {subprocess.py:63} INFO - Tmp dir root location: /tmp
[2026-03-06T08:58:44.597+0000] {subprocess.py:75} INFO - Running command: ['/usr/bin/bash', '-c', 'cd /opt/***/repo && python -m ingestion.src.load_incremental_matches_to_snowflake']
[2026-03-06T08:58:44.610+0000] {subprocess.py:86} INFO - Output:
[2026-03-06T08:58:46.245+0000] {subprocess.py:93} INFO - 2026-03-06 08:58:46 | INFO | load_incremental_matches_to_snowflake | Found 10 incremental data files
[2026-03-06T08:58:46.245+0000] {subprocess.py:93} INFO - 2026-03-06 08:58:46 | INFO | load_incremental_matches_to_snowflake | Already loaded (by prefix): 18
[2026-03-06T08:58:46.246+0000] {subprocess.py:93} INFO - 2026-03-06 08:58:46 | INFO | load_incremental_matches_to_snowflake | To load now: 1
[2026-03-06T08:58:46.246+0000] {subprocess.py:93} INFO - 2026-03-06 08:58:46 | INFO | load_incremental_matches_to_snowflake | [1/1] Loading data_key=endpoint=matches/competition=PL/dateFrom=2026-03-05/dateTo=2026-03-13/dt=2026-03-06/run_id=a2fb4e53-bca8-44f5-bd95-2076d776ec5e.json
[2026-03-06T08:58:47.385+0000] {subprocess.py:93} INFO - 2026-03-06 08:58:47 | INFO | bronze_snowflake_loader | Upserted RAW_MATCHES for file_key=endpoint=matches/competition=PL/dateFrom=2026-03-05/dateTo=2026-03-13/dt=2026-03-06/run_id=a2fb4e53-bca8-44f5-bd95-2076d776ec5e.json
[2026-03-06T08:58:49.282+0000] {subprocess.py:93} INFO - 2026-03-06 08:58:49 | INFO | bronze_snowflake_loader | Upserted RAW_MANIFESTS for file_key=endpoint=matches/competition=PL/dateFrom=2026-03-05/dateTo=2026-03-13/dt=2026-03-06/run_id=a2fb4e53-bca8-44f5-bd95-2076d776ec5e.manifest.json
[2026-03-06T08:58:50.243+0000] {subprocess.py:93} INFO - 2026-03-06 08:58:50 | INFO | load_incremental_matches_to_snowflake | ✅ Loaded incremental: data_files=1, manifests=1
[2026-03-06T08:58:50.243+0000] {subprocess.py:93} INFO - {"prefix": "endpoint=matches/", "files_discovered": 10, "files_to_load": 1, "data_files_loaded": 1, "manifests_loaded": 1}
[2026-03-06T08:58:50.361+0000] {subprocess.py:97} INFO - Command exited with return code 0
[2026-03-06T08:58:50.362+0000] {taskinstance.py:441} INFO - ::group::Post task execution logs
[2026-03-06T08:58:50.382+0000] {taskinstance.py:1206} INFO - Marking task as SUCCESS. dag_id=football_daily_pipeline, task_id=load_incremental_minio_to_snowflake, run_id=manual__2026-03-06T08:58:39.848817+00:00, execution_date=20260306T085839, start_date=20260306T085844, end_date=20260306T085850
[2026-03-06T08:58:50.415+0000] {local_task_job_runner.py:243} INFO - Task exited with return code 0
[2026-03-06T08:58:50.434+0000] {taskinstance.py:3503} INFO - 1 downstream tasks scheduled from follow-on schedule check
[2026-03-06T08:58:50.437+0000] {local_task_job_runner.py:222} INFO - ::endgroup::
