[2026-03-06T08:58:43.314+0000] {local_task_job_runner.py:120} INFO - ::group::Pre task execution logs
[2026-03-06T08:58:43.334+0000] {taskinstance.py:2076} INFO - Dependencies all met for dep_context=non-requeueable deps ti=<TaskInstance: football_daily_pipeline.dbt_run manual__2026-03-06T08:58:30.328864+00:00 [queued]>
[2026-03-06T08:58:43.340+0000] {taskinstance.py:2076} INFO - Dependencies all met for dep_context=requeueable deps ti=<TaskInstance: football_daily_pipeline.dbt_run manual__2026-03-06T08:58:30.328864+00:00 [queued]>
[2026-03-06T08:58:43.340+0000] {taskinstance.py:2306} INFO - Starting attempt 1 of 3
[2026-03-06T08:58:43.351+0000] {taskinstance.py:2330} INFO - Executing <Task(BashOperator): dbt_run> on 2026-03-06 08:58:30.328864+00:00
[2026-03-06T08:58:43.360+0000] {standard_task_runner.py:90} INFO - Running: ['***', 'tasks', 'run', 'football_daily_pipeline', 'dbt_run', 'manual__2026-03-06T08:58:30.328864+00:00', '--job-id', '48', '--raw', '--subdir', 'DAGS_FOLDER/football_daily_pipeline.py', '--cfg-path', '/tmp/tmpl2nyxyo6']
[2026-03-06T08:58:43.361+0000] {logging_mixin.py:188} WARNING - /home/***/.local/lib/python3.12/site-packages/***/task/task_runner/standard_task_runner.py:62 DeprecationWarning: This process (pid=248) is multi-threaded, use of fork() may lead to deadlocks in the child.
[2026-03-06T08:58:43.362+0000] {standard_task_runner.py:91} INFO - Job 48: Subtask dbt_run
[2026-03-06T08:58:43.362+0000] {standard_task_runner.py:64} INFO - Started process 251 to run task
[2026-03-06T08:58:43.406+0000] {task_command.py:426} INFO - Running <TaskInstance: football_daily_pipeline.dbt_run manual__2026-03-06T08:58:30.328864+00:00 [running]> on host b92385dc1f3b
[2026-03-06T08:58:43.470+0000] {taskinstance.py:2648} INFO - Exporting env vars: AIRFLOW_CTX_DAG_OWNER='data-engineering' AIRFLOW_CTX_DAG_ID='football_daily_pipeline' AIRFLOW_CTX_TASK_ID='dbt_run' AIRFLOW_CTX_EXECUTION_DATE='2026-03-06T08:58:30.328864+00:00' AIRFLOW_CTX_TRY_NUMBER='1' AIRFLOW_CTX_DAG_RUN_ID='manual__2026-03-06T08:58:30.328864+00:00'
[2026-03-06T08:58:43.471+0000] {taskinstance.py:430} INFO - ::endgroup::
[2026-03-06T08:58:43.478+0000] {subprocess.py:63} INFO - Tmp dir root location: /tmp
[2026-03-06T08:58:43.479+0000] {subprocess.py:75} INFO - Running command: ['/usr/bin/bash', '-c', 'export DBT_PROFILES_DIR=/opt/***/repo/dbt && cd /opt/***/repo/dbt/football_dbt && dbt run']
[2026-03-06T08:58:43.491+0000] {subprocess.py:86} INFO - Output:
[2026-03-06T08:58:45.249+0000] {subprocess.py:93} INFO - [0m08:58:45  Running with dbt=1.11.7
[2026-03-06T08:58:45.957+0000] {subprocess.py:93} INFO - [0m08:58:45  Registered adapter: snowflake=1.9.1
[2026-03-06T08:58:46.387+0000] {subprocess.py:93} INFO - [0m08:58:46  Found 5 models, 17 data tests, 3 sources, 503 macros
[2026-03-06T08:58:46.391+0000] {subprocess.py:93} INFO - [0m08:58:46
[2026-03-06T08:58:46.392+0000] {subprocess.py:93} INFO - [0m08:58:46  Concurrency: 4 threads (target='dev')
[2026-03-06T08:58:46.392+0000] {subprocess.py:93} INFO - [0m08:58:46
[2026-03-06T08:58:47.077+0000] {subprocess.py:93} INFO - [0m08:58:47  1 of 5 START sql view model SILVER.v_matches ................................... [RUN]
[2026-03-06T08:58:47.374+0000] {subprocess.py:93} INFO - [0m08:58:47  1 of 5 OK created sql view model SILVER.v_matches .............................. [[32mSUCCESS 1[0m in 0.29s]
[2026-03-06T08:58:47.377+0000] {subprocess.py:93} INFO - [0m08:58:47  2 of 5 START sql incremental model SILVER.matches_latest ....................... [RUN]
[2026-03-06T08:58:49.532+0000] {subprocess.py:93} INFO - [0m08:58:49  2 of 5 OK created sql incremental model SILVER.matches_latest .................. [[32mSUCCESS 291[0m in 2.15s]
[2026-03-06T08:58:49.535+0000] {subprocess.py:93} INFO - [0m08:58:49  3 of 5 START sql table model GOLD.league_table_snapshot ........................ [RUN]
[2026-03-06T08:58:49.536+0000] {subprocess.py:93} INFO - [0m08:58:49  4 of 5 START sql table model GOLD.team_form_last5 .............................. [RUN]
[2026-03-06T08:58:49.537+0000] {subprocess.py:93} INFO - [0m08:58:49  5 of 5 START sql incremental model SILVER.teams ................................ [RUN]
[2026-03-06T08:58:50.158+0000] {subprocess.py:93} INFO - [0m08:58:50  3 of 5 OK created sql table model GOLD.league_table_snapshot ................... [[32mSUCCESS 1[0m in 0.62s]
[2026-03-06T08:58:50.169+0000] {subprocess.py:93} INFO - [0m08:58:50  4 of 5 OK created sql table model GOLD.team_form_last5 ......................... [[32mSUCCESS 1[0m in 0.63s]
[2026-03-06T08:58:51.173+0000] {subprocess.py:93} INFO - [0m08:58:51  5 of 5 OK created sql incremental model SILVER.teams ........................... [[32mSUCCESS 20[0m in 1.63s]
[2026-03-06T08:58:51.626+0000] {subprocess.py:93} INFO - [0m08:58:51
[2026-03-06T08:58:51.627+0000] {subprocess.py:93} INFO - [0m08:58:51  Finished running 2 incremental models, 2 table models, 1 view model in 0 hours 0 minutes and 5.23 seconds (5.23s).
[2026-03-06T08:58:51.747+0000] {subprocess.py:93} INFO - [0m08:58:51
[2026-03-06T08:58:51.747+0000] {subprocess.py:93} INFO - [0m08:58:51  [32mCompleted successfully[0m
[2026-03-06T08:58:51.748+0000] {subprocess.py:93} INFO - [0m08:58:51
[2026-03-06T08:58:51.749+0000] {subprocess.py:93} INFO - [0m08:58:51  Done. PASS=5 WARN=0 ERROR=0 SKIP=0 NO-OP=0 TOTAL=5
[2026-03-06T08:58:53.810+0000] {subprocess.py:97} INFO - Command exited with return code 0
[2026-03-06T08:58:53.811+0000] {taskinstance.py:441} INFO - ::group::Post task execution logs
[2026-03-06T08:58:53.834+0000] {taskinstance.py:1206} INFO - Marking task as SUCCESS. dag_id=football_daily_pipeline, task_id=dbt_run, run_id=manual__2026-03-06T08:58:30.328864+00:00, execution_date=20260306T085830, start_date=20260306T085843, end_date=20260306T085853
[2026-03-06T08:58:53.869+0000] {local_task_job_runner.py:243} INFO - Task exited with return code 0
[2026-03-06T08:58:53.891+0000] {taskinstance.py:3503} INFO - 1 downstream tasks scheduled from follow-on schedule check
[2026-03-06T08:58:53.897+0000] {local_task_job_runner.py:222} INFO - ::endgroup::
