[2026-03-06T09:04:52.200+0000] {local_task_job_runner.py:120} INFO - ::group::Pre task execution logs
[2026-03-06T09:04:52.220+0000] {taskinstance.py:2076} INFO - Dependencies all met for dep_context=non-requeueable deps ti=<TaskInstance: football_daily_pipeline.ingest_matches_incremental_to_minio manual__2026-03-06T09:04:51.152573+00:00 [queued]>
[2026-03-06T09:04:52.224+0000] {taskinstance.py:2076} INFO - Dependencies all met for dep_context=requeueable deps ti=<TaskInstance: football_daily_pipeline.ingest_matches_incremental_to_minio manual__2026-03-06T09:04:51.152573+00:00 [queued]>
[2026-03-06T09:04:52.225+0000] {taskinstance.py:2306} INFO - Starting attempt 1 of 3
[2026-03-06T09:04:52.232+0000] {taskinstance.py:2330} INFO - Executing <Task(BashOperator): ingest_matches_incremental_to_minio> on 2026-03-06 09:04:51.152573+00:00
[2026-03-06T09:04:52.240+0000] {standard_task_runner.py:90} INFO - Running: ['***', 'tasks', 'run', 'football_daily_pipeline', 'ingest_matches_incremental_to_minio', 'manual__2026-03-06T09:04:51.152573+00:00', '--job-id', '61', '--raw', '--subdir', 'DAGS_FOLDER/football_daily_pipeline.py', '--cfg-path', '/tmp/tmpi42jogh5']
[2026-03-06T09:04:52.242+0000] {standard_task_runner.py:91} INFO - Job 61: Subtask ingest_matches_incremental_to_minio
[2026-03-06T09:04:52.242+0000] {logging_mixin.py:188} WARNING - /home/***/.local/lib/python3.12/site-packages/***/task/task_runner/standard_task_runner.py:62 DeprecationWarning: This process (pid=203) is multi-threaded, use of fork() may lead to deadlocks in the child.
[2026-03-06T09:04:52.243+0000] {standard_task_runner.py:64} INFO - Started process 208 to run task
[2026-03-06T09:04:52.287+0000] {task_command.py:426} INFO - Running <TaskInstance: football_daily_pipeline.ingest_matches_incremental_to_minio manual__2026-03-06T09:04:51.152573+00:00 [running]> on host 0e15f5aca9c7
[2026-03-06T09:04:52.353+0000] {taskinstance.py:2648} INFO - Exporting env vars: AIRFLOW_CTX_DAG_OWNER='data-engineering' AIRFLOW_CTX_DAG_ID='football_daily_pipeline' AIRFLOW_CTX_TASK_ID='ingest_matches_incremental_to_minio' AIRFLOW_CTX_EXECUTION_DATE='2026-03-06T09:04:51.152573+00:00' AIRFLOW_CTX_TRY_NUMBER='1' AIRFLOW_CTX_DAG_RUN_ID='manual__2026-03-06T09:04:51.152573+00:00'
[2026-03-06T09:04:52.354+0000] {taskinstance.py:430} INFO - ::endgroup::
[2026-03-06T09:04:52.374+0000] {subprocess.py:63} INFO - Tmp dir root location: /tmp
[2026-03-06T09:04:52.375+0000] {subprocess.py:75} INFO - Running command: ['/usr/bin/bash', '-c', 'cd /opt/***/repo && python -m ingestion.src.ingest_matches_incremental']
[2026-03-06T09:04:52.387+0000] {subprocess.py:86} INFO - Output:
[2026-03-06T09:04:52.849+0000] {subprocess.py:93} INFO - 2026-03-06 09:04:52 | INFO | ingest_matches_incremental | Targets: ['PL']
[2026-03-06T09:04:52.849+0000] {subprocess.py:93} INFO - 2026-03-06 09:04:52 | INFO | ingest_matches_incremental | Window: dateFrom=2026-03-05, dateTo=2026-03-13
[2026-03-06T09:04:52.850+0000] {subprocess.py:93} INFO - 2026-03-06 09:04:52 | INFO | ingest_matches_incremental | Fetching matches for competition=PL ...
[2026-03-06T09:04:53.861+0000] {subprocess.py:93} INFO - 2026-03-06 09:04:53 | INFO | ingest_matches_incremental | Saved 1 matches to s3://football-bronze/endpoint=matches/competition=PL/dateFrom=2026-03-05/dateTo=2026-03-13/dt=2026-03-06/run_id=c0588f8d-4e33-4bc3-b47d-7bdc7078200d.json
[2026-03-06T09:04:53.874+0000] {subprocess.py:93} INFO - 2026-03-06 09:04:53 | INFO | ingest_matches_incremental | Wrote manifest to s3://football-bronze/endpoint=matches/competition=PL/dateFrom=2026-03-05/dateTo=2026-03-13/dt=2026-03-06/run_id=c0588f8d-4e33-4bc3-b47d-7bdc7078200d.manifest.json
[2026-03-06T09:04:53.874+0000] {subprocess.py:93} INFO - 2026-03-06 09:04:53 | INFO | ingest_matches_incremental | ✅ Incremental matches ingestion complete.
[2026-03-06T09:04:53.953+0000] {subprocess.py:97} INFO - Command exited with return code 0
[2026-03-06T09:04:53.954+0000] {taskinstance.py:441} INFO - ::group::Post task execution logs
[2026-03-06T09:04:53.976+0000] {taskinstance.py:1206} INFO - Marking task as SUCCESS. dag_id=football_daily_pipeline, task_id=ingest_matches_incremental_to_minio, run_id=manual__2026-03-06T09:04:51.152573+00:00, execution_date=20260306T090451, start_date=20260306T090452, end_date=20260306T090453
[2026-03-06T09:04:54.022+0000] {local_task_job_runner.py:243} INFO - Task exited with return code 0
[2026-03-06T09:04:54.038+0000] {taskinstance.py:3503} INFO - 1 downstream tasks scheduled from follow-on schedule check
[2026-03-06T09:04:54.041+0000] {local_task_job_runner.py:222} INFO - ::endgroup::
