[2026-03-06T08:59:58.414+0000] {local_task_job_runner.py:120} INFO - ::group::Pre task execution logs
[2026-03-06T08:59:58.431+0000] {taskinstance.py:2076} INFO - Dependencies all met for dep_context=non-requeueable deps ti=<TaskInstance: football_daily_pipeline.dbt_run manual__2026-03-06T08:59:46.782838+00:00 [queued]>
[2026-03-06T08:59:58.435+0000] {taskinstance.py:2076} INFO - Dependencies all met for dep_context=requeueable deps ti=<TaskInstance: football_daily_pipeline.dbt_run manual__2026-03-06T08:59:46.782838+00:00 [queued]>
[2026-03-06T08:59:58.436+0000] {taskinstance.py:2306} INFO - Starting attempt 1 of 3
[2026-03-06T08:59:58.443+0000] {taskinstance.py:2330} INFO - Executing <Task(BashOperator): dbt_run> on 2026-03-06 08:59:46.782838+00:00
[2026-03-06T08:59:58.451+0000] {standard_task_runner.py:90} INFO - Running: ['***', 'tasks', 'run', 'football_daily_pipeline', 'dbt_run', 'manual__2026-03-06T08:59:46.782838+00:00', '--job-id', '57', '--raw', '--subdir', 'DAGS_FOLDER/football_daily_pipeline.py', '--cfg-path', '/tmp/tmpqa53px0o']
[2026-03-06T08:59:58.453+0000] {standard_task_runner.py:91} INFO - Job 57: Subtask dbt_run
[2026-03-06T08:59:58.453+0000] {logging_mixin.py:188} WARNING - /home/***/.local/lib/python3.12/site-packages/***/task/task_runner/standard_task_runner.py:62 DeprecationWarning: This process (pid=569) is multi-threaded, use of fork() may lead to deadlocks in the child.
[2026-03-06T08:59:58.453+0000] {standard_task_runner.py:64} INFO - Started process 572 to run task
[2026-03-06T08:59:58.491+0000] {task_command.py:426} INFO - Running <TaskInstance: football_daily_pipeline.dbt_run manual__2026-03-06T08:59:46.782838+00:00 [running]> on host b92385dc1f3b
[2026-03-06T08:59:58.551+0000] {taskinstance.py:2648} INFO - Exporting env vars: AIRFLOW_CTX_DAG_OWNER='data-engineering' AIRFLOW_CTX_DAG_ID='football_daily_pipeline' AIRFLOW_CTX_TASK_ID='dbt_run' AIRFLOW_CTX_EXECUTION_DATE='2026-03-06T08:59:46.782838+00:00' AIRFLOW_CTX_TRY_NUMBER='1' AIRFLOW_CTX_DAG_RUN_ID='manual__2026-03-06T08:59:46.782838+00:00'
[2026-03-06T08:59:58.551+0000] {taskinstance.py:430} INFO - ::endgroup::
[2026-03-06T08:59:58.559+0000] {subprocess.py:63} INFO - Tmp dir root location: /tmp
[2026-03-06T08:59:58.560+0000] {subprocess.py:75} INFO - Running command: ['/usr/bin/bash', '-c', 'export DBT_PROFILES_DIR=/opt/***/repo/dbt && cd /opt/***/repo/dbt/football_dbt && dbt run']
[2026-03-06T08:59:58.571+0000] {subprocess.py:86} INFO - Output:
[2026-03-06T09:00:00.203+0000] {subprocess.py:93} INFO - [0m09:00:00  Running with dbt=1.11.7
[2026-03-06T09:00:00.903+0000] {subprocess.py:93} INFO - [0m09:00:00  Registered adapter: snowflake=1.9.1
[2026-03-06T09:00:01.292+0000] {subprocess.py:93} INFO - [0m09:00:01  Found 5 models, 17 data tests, 3 sources, 503 macros
[2026-03-06T09:00:01.294+0000] {subprocess.py:93} INFO - [0m09:00:01
[2026-03-06T09:00:01.295+0000] {subprocess.py:93} INFO - [0m09:00:01  Concurrency: 4 threads (target='dev')
[2026-03-06T09:00:01.296+0000] {subprocess.py:93} INFO - [0m09:00:01
[2026-03-06T09:00:01.748+0000] {subprocess.py:93} INFO - [0m09:00:01  1 of 5 START sql view model SILVER.v_matches ................................... [RUN]
[2026-03-06T09:00:01.988+0000] {subprocess.py:93} INFO - [0m09:00:01  1 of 5 OK created sql view model SILVER.v_matches .............................. [[32mSUCCESS 1[0m in 0.24s]
[2026-03-06T09:00:01.991+0000] {subprocess.py:93} INFO - [0m09:00:01  2 of 5 START sql incremental model SILVER.matches_latest ....................... [RUN]
[2026-03-06T09:00:04.339+0000] {subprocess.py:93} INFO - [0m09:00:04  2 of 5 OK created sql incremental model SILVER.matches_latest .................. [[32mSUCCESS 291[0m in 2.35s]
[2026-03-06T09:00:04.342+0000] {subprocess.py:93} INFO - [0m09:00:04  3 of 5 START sql table model GOLD.league_table_snapshot ........................ [RUN]
[2026-03-06T09:00:04.343+0000] {subprocess.py:93} INFO - [0m09:00:04  4 of 5 START sql table model GOLD.team_form_last5 .............................. [RUN]
[2026-03-06T09:00:04.344+0000] {subprocess.py:93} INFO - [0m09:00:04  5 of 5 START sql incremental model SILVER.teams ................................ [RUN]
[2026-03-06T09:00:05.012+0000] {subprocess.py:93} INFO - [0m09:00:05  4 of 5 OK created sql table model GOLD.team_form_last5 ......................... [[32mSUCCESS 1[0m in 0.67s]
[2026-03-06T09:00:05.053+0000] {subprocess.py:93} INFO - [0m09:00:05  3 of 5 OK created sql table model GOLD.league_table_snapshot ................... [[32mSUCCESS 1[0m in 0.71s]
[2026-03-06T09:00:07.173+0000] {subprocess.py:93} INFO - [0m09:00:07  5 of 5 OK created sql incremental model SILVER.teams ........................... [[32mSUCCESS 20[0m in 2.83s]
[2026-03-06T09:00:07.662+0000] {subprocess.py:93} INFO - [0m09:00:07
[2026-03-06T09:00:07.663+0000] {subprocess.py:93} INFO - [0m09:00:07  Finished running 2 incremental models, 2 table models, 1 view model in 0 hours 0 minutes and 6.37 seconds (6.37s).
[2026-03-06T09:00:07.703+0000] {subprocess.py:93} INFO - [0m09:00:07
[2026-03-06T09:00:07.703+0000] {subprocess.py:93} INFO - [0m09:00:07  [32mCompleted successfully[0m
[2026-03-06T09:00:07.704+0000] {subprocess.py:93} INFO - [0m09:00:07
[2026-03-06T09:00:07.705+0000] {subprocess.py:93} INFO - [0m09:00:07  Done. PASS=5 WARN=0 ERROR=0 SKIP=0 NO-OP=0 TOTAL=5
[2026-03-06T09:00:09.759+0000] {subprocess.py:97} INFO - Command exited with return code 0
[2026-03-06T09:00:09.760+0000] {taskinstance.py:441} INFO - ::group::Post task execution logs
[2026-03-06T09:00:09.779+0000] {taskinstance.py:1206} INFO - Marking task as SUCCESS. dag_id=football_daily_pipeline, task_id=dbt_run, run_id=manual__2026-03-06T08:59:46.782838+00:00, execution_date=20260306T085946, start_date=20260306T085958, end_date=20260306T090009
[2026-03-06T09:00:09.800+0000] {local_task_job_runner.py:243} INFO - Task exited with return code 0
[2026-03-06T09:00:09.815+0000] {taskinstance.py:3503} INFO - 1 downstream tasks scheduled from follow-on schedule check
[2026-03-06T09:00:09.818+0000] {local_task_job_runner.py:222} INFO - ::endgroup::
