[2026-03-06T08:35:45.533+0000] {local_task_job_runner.py:120} INFO - ::group::Pre task execution logs
[2026-03-06T08:35:45.554+0000] {taskinstance.py:2076} INFO - Dependencies all met for dep_context=non-requeueable deps ti=<TaskInstance: football_daily_pipeline.dbt_run manual__2026-03-06T08:35:32.910583+00:00 [queued]>
[2026-03-06T08:35:45.559+0000] {taskinstance.py:2076} INFO - Dependencies all met for dep_context=requeueable deps ti=<TaskInstance: football_daily_pipeline.dbt_run manual__2026-03-06T08:35:32.910583+00:00 [queued]>
[2026-03-06T08:35:45.559+0000] {taskinstance.py:2306} INFO - Starting attempt 1 of 3
[2026-03-06T08:35:45.568+0000] {taskinstance.py:2330} INFO - Executing <Task(BashOperator): dbt_run> on 2026-03-06 08:35:32.910583+00:00
[2026-03-06T08:35:45.574+0000] {standard_task_runner.py:90} INFO - Running: ['***', 'tasks', 'run', 'football_daily_pipeline', 'dbt_run', 'manual__2026-03-06T08:35:32.910583+00:00', '--job-id', '34', '--raw', '--subdir', 'DAGS_FOLDER/football_daily_pipeline.py', '--cfg-path', '/tmp/tmpcq288pkf']
[2026-03-06T08:35:45.575+0000] {logging_mixin.py:188} WARNING - /home/***/.local/lib/python3.12/site-packages/***/task/task_runner/standard_task_runner.py:62 DeprecationWarning: This process (pid=232) is multi-threaded, use of fork() may lead to deadlocks in the child.
[2026-03-06T08:35:45.576+0000] {standard_task_runner.py:91} INFO - Job 34: Subtask dbt_run
[2026-03-06T08:35:45.576+0000] {standard_task_runner.py:64} INFO - Started process 233 to run task
[2026-03-06T08:35:45.614+0000] {task_command.py:426} INFO - Running <TaskInstance: football_daily_pipeline.dbt_run manual__2026-03-06T08:35:32.910583+00:00 [running]> on host 3cb54ffe9a83
[2026-03-06T08:35:45.667+0000] {taskinstance.py:2648} INFO - Exporting env vars: AIRFLOW_CTX_DAG_OWNER='data-engineering' AIRFLOW_CTX_DAG_ID='football_daily_pipeline' AIRFLOW_CTX_TASK_ID='dbt_run' AIRFLOW_CTX_EXECUTION_DATE='2026-03-06T08:35:32.910583+00:00' AIRFLOW_CTX_TRY_NUMBER='1' AIRFLOW_CTX_DAG_RUN_ID='manual__2026-03-06T08:35:32.910583+00:00'
[2026-03-06T08:35:45.667+0000] {taskinstance.py:430} INFO - ::endgroup::
[2026-03-06T08:35:45.676+0000] {subprocess.py:63} INFO - Tmp dir root location: /tmp
[2026-03-06T08:35:45.677+0000] {subprocess.py:75} INFO - Running command: ['/usr/bin/bash', '-c', 'export DBT_PROFILES_DIR=/opt/***/repo/dbt && cd /opt/***/repo/dbt/football_dbt && dbt run']
[2026-03-06T08:35:45.685+0000] {subprocess.py:86} INFO - Output:
[2026-03-06T08:35:47.010+0000] {subprocess.py:93} INFO - [0m08:35:47  Running with dbt=1.11.7
[2026-03-06T08:35:47.692+0000] {subprocess.py:93} INFO - [0m08:35:47  Registered adapter: snowflake=1.9.1
[2026-03-06T08:35:47.873+0000] {subprocess.py:93} INFO - [0m08:35:47  Unable to do partial parsing because of a version mismatch
[2026-03-06T08:35:48.750+0000] {subprocess.py:93} INFO - [0m08:35:48  [[33mWARNING[0m][MissingArgumentsPropertyInGenericTestDeprecation]: Deprecated
[2026-03-06T08:35:48.750+0000] {subprocess.py:93} INFO - functionality
[2026-03-06T08:35:48.751+0000] {subprocess.py:93} INFO - Found top-level arguments to test `accepted_values` defined on 'matches_latest'
[2026-03-06T08:35:48.751+0000] {subprocess.py:93} INFO - in package 'football_dbt' (models/silver/schema.yml). Arguments to generic tests
[2026-03-06T08:35:48.751+0000] {subprocess.py:93} INFO - should be nested under the `arguments` property.
[2026-03-06T08:35:48.974+0000] {subprocess.py:93} INFO - [0m08:35:48  Found 5 models, 17 data tests, 3 sources, 503 macros
[2026-03-06T08:35:48.977+0000] {subprocess.py:93} INFO - [0m08:35:48
[2026-03-06T08:35:48.978+0000] {subprocess.py:93} INFO - [0m08:35:48  Concurrency: 4 threads (target='dev')
[2026-03-06T08:35:48.979+0000] {subprocess.py:93} INFO - [0m08:35:48
[2026-03-06T08:35:49.669+0000] {subprocess.py:93} INFO - [0m08:35:49  1 of 5 START sql view model SILVER.v_matches ................................... [RUN]
[2026-03-06T08:35:50.035+0000] {subprocess.py:93} INFO - [0m08:35:50  1 of 5 OK created sql view model SILVER.v_matches .............................. [[32mSUCCESS 1[0m in 0.36s]
[2026-03-06T08:35:50.037+0000] {subprocess.py:93} INFO - [0m08:35:50  2 of 5 START sql incremental model SILVER.matches_latest ....................... [RUN]
[2026-03-06T08:35:52.317+0000] {subprocess.py:93} INFO - [0m08:35:52  2 of 5 OK created sql incremental model SILVER.matches_latest .................. [[32mSUCCESS 291[0m in 2.28s]
[2026-03-06T08:35:52.320+0000] {subprocess.py:93} INFO - [0m08:35:52  3 of 5 START sql table model GOLD.league_table_snapshot ........................ [RUN]
[2026-03-06T08:35:52.321+0000] {subprocess.py:93} INFO - [0m08:35:52  4 of 5 START sql table model GOLD.team_form_last5 .............................. [RUN]
[2026-03-06T08:35:52.321+0000] {subprocess.py:93} INFO - [0m08:35:52  5 of 5 START sql incremental model SILVER.teams ................................ [RUN]
[2026-03-06T08:35:53.256+0000] {subprocess.py:93} INFO - [0m08:35:53  4 of 5 OK created sql table model GOLD.team_form_last5 ......................... [[32mSUCCESS 1[0m in 0.93s]
[2026-03-06T08:35:53.257+0000] {subprocess.py:93} INFO - [0m08:35:53  3 of 5 OK created sql table model GOLD.league_table_snapshot ................... [[32mSUCCESS 1[0m in 0.93s]
[2026-03-06T08:35:54.377+0000] {subprocess.py:93} INFO - [0m08:35:54  5 of 5 OK created sql incremental model SILVER.teams ........................... [[32mSUCCESS 20[0m in 2.05s]
[2026-03-06T08:35:54.846+0000] {subprocess.py:93} INFO - [0m08:35:54
[2026-03-06T08:35:54.847+0000] {subprocess.py:93} INFO - [0m08:35:54  Finished running 2 incremental models, 2 table models, 1 view model in 0 hours 0 minutes and 5.87 seconds (5.87s).
[2026-03-06T08:35:54.895+0000] {subprocess.py:93} INFO - [0m08:35:54
[2026-03-06T08:35:54.896+0000] {subprocess.py:93} INFO - [0m08:35:54  [32mCompleted successfully[0m
[2026-03-06T08:35:54.897+0000] {subprocess.py:93} INFO - [0m08:35:54
[2026-03-06T08:35:54.897+0000] {subprocess.py:93} INFO - [0m08:35:54  Done. PASS=5 WARN=0 ERROR=0 SKIP=0 NO-OP=0 TOTAL=5
[2026-03-06T08:35:54.898+0000] {subprocess.py:93} INFO - [0m08:35:54  [[33mWARNING[0m][DeprecationsSummary]: Deprecated functionality
[2026-03-06T08:35:54.899+0000] {subprocess.py:93} INFO - Summary of encountered deprecations:
[2026-03-06T08:35:54.899+0000] {subprocess.py:93} INFO - - MissingArgumentsPropertyInGenericTestDeprecation: 1 occurrence
[2026-03-06T08:35:54.899+0000] {subprocess.py:93} INFO - To see all deprecation instances instead of just the first occurrence of each,
[2026-03-06T08:35:54.899+0000] {subprocess.py:93} INFO - run command again with the `--show-all-deprecations` flag. You may also need to
[2026-03-06T08:35:54.900+0000] {subprocess.py:93} INFO - run with `--no-partial-parse` as some deprecations are only encountered during
[2026-03-06T08:35:54.900+0000] {subprocess.py:93} INFO - parsing.
[2026-03-06T08:35:56.969+0000] {subprocess.py:97} INFO - Command exited with return code 0
[2026-03-06T08:35:56.970+0000] {taskinstance.py:441} INFO - ::group::Post task execution logs
[2026-03-06T08:35:56.991+0000] {taskinstance.py:1206} INFO - Marking task as SUCCESS. dag_id=football_daily_pipeline, task_id=dbt_run, run_id=manual__2026-03-06T08:35:32.910583+00:00, execution_date=20260306T083532, start_date=20260306T083545, end_date=20260306T083556
[2026-03-06T08:35:57.043+0000] {local_task_job_runner.py:243} INFO - Task exited with return code 0
[2026-03-06T08:35:57.058+0000] {taskinstance.py:3503} INFO - 1 downstream tasks scheduled from follow-on schedule check
[2026-03-06T08:35:57.060+0000] {local_task_job_runner.py:222} INFO - ::endgroup::
