[2026-03-06T08:01:41.443+0000] {local_task_job_runner.py:120} INFO - ::group::Pre task execution logs
[2026-03-06T08:01:41.467+0000] {taskinstance.py:2076} INFO - Dependencies all met for dep_context=non-requeueable deps ti=<TaskInstance: football_daily_pipeline.dbt_run manual__2026-03-06T07:59:48.549323+00:00 [queued]>
[2026-03-06T08:01:41.472+0000] {taskinstance.py:2076} INFO - Dependencies all met for dep_context=requeueable deps ti=<TaskInstance: football_daily_pipeline.dbt_run manual__2026-03-06T07:59:48.549323+00:00 [queued]>
[2026-03-06T08:01:41.472+0000] {taskinstance.py:2306} INFO - Starting attempt 1 of 3
[2026-03-06T08:01:41.483+0000] {taskinstance.py:2330} INFO - Executing <Task(BashOperator): dbt_run> on 2026-03-06 07:59:48.549323+00:00
[2026-03-06T08:01:41.489+0000] {standard_task_runner.py:90} INFO - Running: ['***', 'tasks', 'run', 'football_daily_pipeline', 'dbt_run', 'manual__2026-03-06T07:59:48.549323+00:00', '--job-id', '9', '--raw', '--subdir', 'DAGS_FOLDER/football_daily_pipeline.py', '--cfg-path', '/tmp/tmpcgi4ucd1']
[2026-03-06T08:01:41.491+0000] {standard_task_runner.py:91} INFO - Job 9: Subtask dbt_run
[2026-03-06T08:01:41.491+0000] {logging_mixin.py:188} WARNING - /home/***/.local/lib/python3.12/site-packages/***/task/task_runner/standard_task_runner.py:62 DeprecationWarning: This process (pid=294) is multi-threaded, use of fork() may lead to deadlocks in the child.
[2026-03-06T08:01:41.491+0000] {standard_task_runner.py:64} INFO - Started process 295 to run task
[2026-03-06T08:01:41.536+0000] {task_command.py:426} INFO - Running <TaskInstance: football_daily_pipeline.dbt_run manual__2026-03-06T07:59:48.549323+00:00 [running]> on host 36200576b232
[2026-03-06T08:01:41.611+0000] {taskinstance.py:2648} INFO - Exporting env vars: AIRFLOW_CTX_DAG_OWNER='data-engineering' AIRFLOW_CTX_DAG_ID='football_daily_pipeline' AIRFLOW_CTX_TASK_ID='dbt_run' AIRFLOW_CTX_EXECUTION_DATE='2026-03-06T07:59:48.549323+00:00' AIRFLOW_CTX_TRY_NUMBER='1' AIRFLOW_CTX_DAG_RUN_ID='manual__2026-03-06T07:59:48.549323+00:00'
[2026-03-06T08:01:41.612+0000] {taskinstance.py:430} INFO - ::endgroup::
[2026-03-06T08:01:41.625+0000] {subprocess.py:63} INFO - Tmp dir root location: /tmp
[2026-03-06T08:01:41.626+0000] {subprocess.py:75} INFO - Running command: ['/usr/bin/bash', '-c', 'cd /opt/***/repo/dbt/football_dbt && dbt run']
[2026-03-06T08:01:41.638+0000] {subprocess.py:86} INFO - Output:
[2026-03-06T08:01:41.643+0000] {subprocess.py:93} INFO - /usr/bin/bash: line 1: dbt: command not found
[2026-03-06T08:01:41.643+0000] {subprocess.py:97} INFO - Command exited with return code 127
[2026-03-06T08:01:41.644+0000] {taskinstance.py:441} INFO - ::group::Post task execution logs
[2026-03-06T08:01:41.653+0000] {taskinstance.py:2905} ERROR - Task failed with exception
Traceback (most recent call last):
  File "/home/airflow/.local/lib/python3.12/site-packages/airflow/models/taskinstance.py", line 465, in _execute_task
    result = _execute_callable(context=context, **execute_callable_kwargs)
             ^^^^^^^^^^^^^^^^^^^^^^^^^^^^^^^^^^^^^^^^^^^^^^^^^^^^^^^^^^^^^
  File "/home/airflow/.local/lib/python3.12/site-packages/airflow/models/taskinstance.py", line 432, in _execute_callable
    return execute_callable(context=context, **execute_callable_kwargs)
           ^^^^^^^^^^^^^^^^^^^^^^^^^^^^^^^^^^^^^^^^^^^^^^^^^^^^^^^^^^^^
  File "/home/airflow/.local/lib/python3.12/site-packages/airflow/models/baseoperator.py", line 401, in wrapper
    return func(self, *args, **kwargs)
           ^^^^^^^^^^^^^^^^^^^^^^^^^^^
  File "/home/airflow/.local/lib/python3.12/site-packages/airflow/operators/bash.py", line 243, in execute
    raise AirflowException(
airflow.exceptions.AirflowException: Bash command failed. The command returned a non-zero exit code 127.
[2026-03-06T08:01:41.656+0000] {taskinstance.py:1206} INFO - Marking task as UP_FOR_RETRY. dag_id=football_daily_pipeline, task_id=dbt_run, run_id=manual__2026-03-06T07:59:48.549323+00:00, execution_date=20260306T075948, start_date=20260306T080141, end_date=20260306T080141
[2026-03-06T08:01:41.667+0000] {standard_task_runner.py:110} ERROR - Failed to execute job 9 for task dbt_run (Bash command failed. The command returned a non-zero exit code 127.; 295)
[2026-03-06T08:01:41.705+0000] {local_task_job_runner.py:243} INFO - Task exited with return code 1
[2026-03-06T08:01:41.721+0000] {taskinstance.py:3503} INFO - 0 downstream tasks scheduled from follow-on schedule check
[2026-03-06T08:01:41.724+0000] {local_task_job_runner.py:222} INFO - ::endgroup::
