[2026-03-06T08:32:37.545+0000] {local_task_job_runner.py:120} INFO - ::group::Pre task execution logs
[2026-03-06T08:32:37.570+0000] {taskinstance.py:2076} INFO - Dependencies all met for dep_context=non-requeueable deps ti=<TaskInstance: football_daily_pipeline.dbt_run manual__2026-03-06T08:27:20.750987+00:00 [queued]>
[2026-03-06T08:32:37.575+0000] {taskinstance.py:2076} INFO - Dependencies all met for dep_context=requeueable deps ti=<TaskInstance: football_daily_pipeline.dbt_run manual__2026-03-06T08:27:20.750987+00:00 [queued]>
[2026-03-06T08:32:37.576+0000] {taskinstance.py:2306} INFO - Starting attempt 2 of 3
[2026-03-06T08:32:37.586+0000] {taskinstance.py:2330} INFO - Executing <Task(BashOperator): dbt_run> on 2026-03-06 08:27:20.750987+00:00
[2026-03-06T08:32:37.594+0000] {standard_task_runner.py:90} INFO - Running: ['***', 'tasks', 'run', 'football_daily_pipeline', 'dbt_run', 'manual__2026-03-06T08:27:20.750987+00:00', '--job-id', '27', '--raw', '--subdir', 'DAGS_FOLDER/football_daily_pipeline.py', '--cfg-path', '/tmp/tmpl26xuqw_']
[2026-03-06T08:32:37.596+0000] {standard_task_runner.py:91} INFO - Job 27: Subtask dbt_run
[2026-03-06T08:32:37.596+0000] {logging_mixin.py:188} WARNING - /home/***/.local/lib/python3.12/site-packages/***/task/task_runner/standard_task_runner.py:62 DeprecationWarning: This process (pid=206) is multi-threaded, use of fork() may lead to deadlocks in the child.
[2026-03-06T08:32:37.597+0000] {standard_task_runner.py:64} INFO - Started process 207 to run task
[2026-03-06T08:32:37.643+0000] {task_command.py:426} INFO - Running <TaskInstance: football_daily_pipeline.dbt_run manual__2026-03-06T08:27:20.750987+00:00 [running]> on host 3cb54ffe9a83
[2026-03-06T08:32:37.702+0000] {taskinstance.py:2648} INFO - Exporting env vars: AIRFLOW_CTX_DAG_OWNER='data-engineering' AIRFLOW_CTX_DAG_ID='football_daily_pipeline' AIRFLOW_CTX_TASK_ID='dbt_run' AIRFLOW_CTX_EXECUTION_DATE='2026-03-06T08:27:20.750987+00:00' AIRFLOW_CTX_TRY_NUMBER='2' AIRFLOW_CTX_DAG_RUN_ID='manual__2026-03-06T08:27:20.750987+00:00'
[2026-03-06T08:32:37.703+0000] {taskinstance.py:430} INFO - ::endgroup::
[2026-03-06T08:32:37.716+0000] {subprocess.py:63} INFO - Tmp dir root location: /tmp
[2026-03-06T08:32:37.717+0000] {subprocess.py:75} INFO - Running command: ['/usr/bin/bash', '-c', 'cd /opt/***/repo/dbt/football_dbt && dbt --profiles-dir /opt/***/repo/dbt run']
[2026-03-06T08:32:37.726+0000] {subprocess.py:86} INFO - Output:
[2026-03-06T08:32:39.369+0000] {subprocess.py:93} INFO - Usage: dbt [OPTIONS] COMMAND [ARGS]...
[2026-03-06T08:32:39.369+0000] {subprocess.py:93} INFO - Try 'dbt -h' for help.
[2026-03-06T08:32:39.369+0000] {subprocess.py:93} INFO - 
[2026-03-06T08:32:39.370+0000] {subprocess.py:93} INFO - Error: No such option: --profiles-dir Did you mean --profile?
[2026-03-06T08:32:39.613+0000] {subprocess.py:97} INFO - Command exited with return code 2
[2026-03-06T08:32:39.614+0000] {taskinstance.py:441} INFO - ::group::Post task execution logs
[2026-03-06T08:32:39.623+0000] {taskinstance.py:2905} ERROR - Task failed with exception
Traceback (most recent call last):
  File "/home/airflow/.local/lib/python3.12/site-packages/airflow/models/taskinstance.py", line 465, in _execute_task
    result = _execute_callable(context=context, **execute_callable_kwargs)
             ^^^^^^^^^^^^^^^^^^^^^^^^^^^^^^^^^^^^^^^^^^^^^^^^^^^^^^^^^^^^^
  File "/home/airflow/.local/lib/python3.12/site-packages/airflow/models/taskinstance.py", line 432, in _execute_callable
    return execute_callable(context=context, **execute_callable_kwargs)
           ^^^^^^^^^^^^^^^^^^^^^^^^^^^^^^^^^^^^^^^^^^^^^^^^^^^^^^^^^^^^
  File "/home/airflow/.local/lib/python3.12/site-packages/airflow/models/baseoperator.py", line 401, in wrapper
    return func(self, *args, **kwargs)
           ^^^^^^^^^^^^^^^^^^^^^^^^^^^
  File "/home/airflow/.local/lib/python3.12/site-packages/airflow/operators/bash.py", line 243, in execute
    raise AirflowException(
airflow.exceptions.AirflowException: Bash command failed. The command returned a non-zero exit code 2.
[2026-03-06T08:32:39.626+0000] {taskinstance.py:1206} INFO - Marking task as UP_FOR_RETRY. dag_id=football_daily_pipeline, task_id=dbt_run, run_id=manual__2026-03-06T08:27:20.750987+00:00, execution_date=20260306T082720, start_date=20260306T083237, end_date=20260306T083239
[2026-03-06T08:32:39.636+0000] {standard_task_runner.py:110} ERROR - Failed to execute job 27 for task dbt_run (Bash command failed. The command returned a non-zero exit code 2.; 207)
[2026-03-06T08:32:39.657+0000] {local_task_job_runner.py:243} INFO - Task exited with return code 1
[2026-03-06T08:32:39.672+0000] {taskinstance.py:3503} INFO - 0 downstream tasks scheduled from follow-on schedule check
[2026-03-06T08:32:39.675+0000] {local_task_job_runner.py:222} INFO - ::endgroup::
