[2026-03-06T08:37:40.426+0000] {local_task_job_runner.py:120} INFO - ::group::Pre task execution logs
[2026-03-06T08:37:40.454+0000] {taskinstance.py:2076} INFO - Dependencies all met for dep_context=non-requeueable deps ti=<TaskInstance: football_daily_pipeline.dbt_run manual__2026-03-06T08:27:20.750987+00:00 [queued]>
[2026-03-06T08:37:40.459+0000] {taskinstance.py:2076} INFO - Dependencies all met for dep_context=requeueable deps ti=<TaskInstance: football_daily_pipeline.dbt_run manual__2026-03-06T08:27:20.750987+00:00 [queued]>
[2026-03-06T08:37:40.459+0000] {taskinstance.py:2306} INFO - Starting attempt 3 of 3
[2026-03-06T08:37:40.468+0000] {taskinstance.py:2330} INFO - Executing <Task(BashOperator): dbt_run> on 2026-03-06 08:27:20.750987+00:00
[2026-03-06T08:37:40.475+0000] {standard_task_runner.py:90} INFO - Running: ['***', 'tasks', 'run', 'football_daily_pipeline', 'dbt_run', 'manual__2026-03-06T08:27:20.750987+00:00', '--job-id', '36', '--raw', '--subdir', 'DAGS_FOLDER/football_daily_pipeline.py', '--cfg-path', '/tmp/tmpursh7d1k']
[2026-03-06T08:37:40.477+0000] {logging_mixin.py:188} WARNING - /home/***/.local/lib/python3.12/site-packages/***/task/task_runner/standard_task_runner.py:62 DeprecationWarning: This process (pid=378) is multi-threaded, use of fork() may lead to deadlocks in the child.
[2026-03-06T08:37:40.477+0000] {standard_task_runner.py:91} INFO - Job 36: Subtask dbt_run
[2026-03-06T08:37:40.477+0000] {standard_task_runner.py:64} INFO - Started process 379 to run task
[2026-03-06T08:37:40.523+0000] {task_command.py:426} INFO - Running <TaskInstance: football_daily_pipeline.dbt_run manual__2026-03-06T08:27:20.750987+00:00 [running]> on host 3cb54ffe9a83
[2026-03-06T08:37:40.593+0000] {taskinstance.py:2648} INFO - Exporting env vars: AIRFLOW_CTX_DAG_OWNER='data-engineering' AIRFLOW_CTX_DAG_ID='football_daily_pipeline' AIRFLOW_CTX_TASK_ID='dbt_run' AIRFLOW_CTX_EXECUTION_DATE='2026-03-06T08:27:20.750987+00:00' AIRFLOW_CTX_TRY_NUMBER='3' AIRFLOW_CTX_DAG_RUN_ID='manual__2026-03-06T08:27:20.750987+00:00'
[2026-03-06T08:37:40.593+0000] {taskinstance.py:430} INFO - ::endgroup::
[2026-03-06T08:37:40.610+0000] {subprocess.py:63} INFO - Tmp dir root location: /tmp
[2026-03-06T08:37:40.611+0000] {subprocess.py:75} INFO - Running command: ['/usr/bin/bash', '-c', 'export DBT_PROFILES_DIR=/opt/***/repo/dbt && cd /opt/***/repo/dbt/football_dbt && dbt run']
[2026-03-06T08:37:40.625+0000] {subprocess.py:86} INFO - Output:
[2026-03-06T08:37:42.403+0000] {subprocess.py:93} INFO - [0m08:37:42  Running with dbt=1.11.7
[2026-03-06T08:37:43.358+0000] {subprocess.py:93} INFO - [0m08:37:43  Registered adapter: snowflake=1.9.1
[2026-03-06T08:37:43.761+0000] {subprocess.py:93} INFO - [0m08:37:43  Found 5 models, 17 data tests, 3 sources, 503 macros
[2026-03-06T08:37:43.764+0000] {subprocess.py:93} INFO - [0m08:37:43
[2026-03-06T08:37:43.765+0000] {subprocess.py:93} INFO - [0m08:37:43  Concurrency: 4 threads (target='dev')
[2026-03-06T08:37:43.766+0000] {subprocess.py:93} INFO - [0m08:37:43
[2026-03-06T08:37:44.697+0000] {subprocess.py:93} INFO - [0m08:37:44  1 of 5 START sql view model SILVER.v_matches ................................... [RUN]
[2026-03-06T08:37:44.992+0000] {subprocess.py:93} INFO - [0m08:37:44  1 of 5 OK created sql view model SILVER.v_matches .............................. [[32mSUCCESS 1[0m in 0.29s]
[2026-03-06T08:37:44.996+0000] {subprocess.py:93} INFO - [0m08:37:44  2 of 5 START sql incremental model SILVER.matches_latest ....................... [RUN]
[2026-03-06T08:37:47.572+0000] {subprocess.py:93} INFO - [0m08:37:47  2 of 5 OK created sql incremental model SILVER.matches_latest .................. [[32mSUCCESS 291[0m in 2.57s]
[2026-03-06T08:37:47.575+0000] {subprocess.py:93} INFO - [0m08:37:47  3 of 5 START sql table model GOLD.league_table_snapshot ........................ [RUN]
[2026-03-06T08:37:47.576+0000] {subprocess.py:93} INFO - [0m08:37:47  4 of 5 START sql table model GOLD.team_form_last5 .............................. [RUN]
[2026-03-06T08:37:47.577+0000] {subprocess.py:93} INFO - [0m08:37:47  5 of 5 START sql incremental model SILVER.teams ................................ [RUN]
[2026-03-06T08:37:48.623+0000] {subprocess.py:93} INFO - [0m08:37:48  3 of 5 OK created sql table model GOLD.league_table_snapshot ................... [[32mSUCCESS 1[0m in 1.04s]
[2026-03-06T08:37:48.746+0000] {subprocess.py:93} INFO - [0m08:37:48  4 of 5 OK created sql table model GOLD.team_form_last5 ......................... [[32mSUCCESS 1[0m in 1.17s]
[2026-03-06T08:37:49.491+0000] {subprocess.py:93} INFO - [0m08:37:49  5 of 5 OK created sql incremental model SILVER.teams ........................... [[32mSUCCESS 20[0m in 1.91s]
[2026-03-06T08:37:49.959+0000] {subprocess.py:93} INFO - [0m08:37:49
[2026-03-06T08:37:49.960+0000] {subprocess.py:93} INFO - [0m08:37:49  Finished running 2 incremental models, 2 table models, 1 view model in 0 hours 0 minutes and 6.19 seconds (6.19s).
[2026-03-06T08:37:50.003+0000] {subprocess.py:93} INFO - [0m08:37:50
[2026-03-06T08:37:50.004+0000] {subprocess.py:93} INFO - [0m08:37:50  [32mCompleted successfully[0m
[2026-03-06T08:37:50.005+0000] {subprocess.py:93} INFO - [0m08:37:50
[2026-03-06T08:37:50.005+0000] {subprocess.py:93} INFO - [0m08:37:50  Done. PASS=5 WARN=0 ERROR=0 SKIP=0 NO-OP=0 TOTAL=5
[2026-03-06T08:37:52.074+0000] {subprocess.py:97} INFO - Command exited with return code 0
[2026-03-06T08:37:52.075+0000] {taskinstance.py:441} INFO - ::group::Post task execution logs
[2026-03-06T08:37:52.097+0000] {taskinstance.py:1206} INFO - Marking task as SUCCESS. dag_id=football_daily_pipeline, task_id=dbt_run, run_id=manual__2026-03-06T08:27:20.750987+00:00, execution_date=20260306T082720, start_date=20260306T083740, end_date=20260306T083752
[2026-03-06T08:37:52.150+0000] {local_task_job_runner.py:243} INFO - Task exited with return code 0
[2026-03-06T08:37:52.164+0000] {taskinstance.py:3503} INFO - 1 downstream tasks scheduled from follow-on schedule check
[2026-03-06T08:37:52.167+0000] {local_task_job_runner.py:222} INFO - ::endgroup::
