[2026-03-06T08:05:56.534+0000] {local_task_job_runner.py:120} INFO - ::group::Pre task execution logs
[2026-03-06T08:05:56.561+0000] {taskinstance.py:2076} INFO - Dependencies all met for dep_context=non-requeueable deps ti=<TaskInstance: football_daily_pipeline.dbt_run scheduled__2026-03-05T02:00:00+00:00 [queued]>
[2026-03-06T08:05:56.565+0000] {taskinstance.py:2076} INFO - Dependencies all met for dep_context=requeueable deps ti=<TaskInstance: football_daily_pipeline.dbt_run scheduled__2026-03-05T02:00:00+00:00 [queued]>
[2026-03-06T08:05:56.566+0000] {taskinstance.py:2306} INFO - Starting attempt 2 of 3
[2026-03-06T08:05:56.576+0000] {taskinstance.py:2330} INFO - Executing <Task(BashOperator): dbt_run> on 2026-03-05 02:00:00+00:00
[2026-03-06T08:05:56.584+0000] {standard_task_runner.py:90} INFO - Running: ['***', 'tasks', 'run', 'football_daily_pipeline', 'dbt_run', 'scheduled__2026-03-05T02:00:00+00:00', '--job-id', '12', '--raw', '--subdir', 'DAGS_FOLDER/football_daily_pipeline.py', '--cfg-path', '/tmp/tmpljvykou5']
[2026-03-06T08:05:56.586+0000] {standard_task_runner.py:91} INFO - Job 12: Subtask dbt_run
[2026-03-06T08:05:56.586+0000] {logging_mixin.py:188} WARNING - /home/***/.local/lib/python3.12/site-packages/***/task/task_runner/standard_task_runner.py:62 DeprecationWarning: This process (pid=194) is multi-threaded, use of fork() may lead to deadlocks in the child.
[2026-03-06T08:05:56.587+0000] {standard_task_runner.py:64} INFO - Started process 196 to run task
[2026-03-06T08:05:56.634+0000] {task_command.py:426} INFO - Running <TaskInstance: football_daily_pipeline.dbt_run scheduled__2026-03-05T02:00:00+00:00 [running]> on host 36200576b232
[2026-03-06T08:05:56.702+0000] {taskinstance.py:2648} INFO - Exporting env vars: AIRFLOW_CTX_DAG_OWNER='data-engineering' AIRFLOW_CTX_DAG_ID='football_daily_pipeline' AIRFLOW_CTX_TASK_ID='dbt_run' AIRFLOW_CTX_EXECUTION_DATE='2026-03-05T02:00:00+00:00' AIRFLOW_CTX_TRY_NUMBER='2' AIRFLOW_CTX_DAG_RUN_ID='scheduled__2026-03-05T02:00:00+00:00'
[2026-03-06T08:05:56.702+0000] {taskinstance.py:430} INFO - ::endgroup::
[2026-03-06T08:05:56.713+0000] {subprocess.py:63} INFO - Tmp dir root location: /tmp
[2026-03-06T08:05:56.714+0000] {subprocess.py:75} INFO - Running command: ['/usr/bin/bash', '-c', 'cd /opt/***/repo/dbt/football_dbt && /home/***/.local/bin/dbt run']
[2026-03-06T08:05:56.724+0000] {subprocess.py:86} INFO - Output:
[2026-03-06T08:05:56.727+0000] {subprocess.py:93} INFO - /usr/bin/bash: line 1: /home/***/.local/bin/dbt: No such file or directory
[2026-03-06T08:05:56.728+0000] {subprocess.py:97} INFO - Command exited with return code 127
[2026-03-06T08:05:56.729+0000] {taskinstance.py:441} INFO - ::group::Post task execution logs
[2026-03-06T08:05:56.739+0000] {taskinstance.py:2905} ERROR - Task failed with exception
Traceback (most recent call last):
  File "/home/airflow/.local/lib/python3.12/site-packages/airflow/models/taskinstance.py", line 465, in _execute_task
    result = _execute_callable(context=context, **execute_callable_kwargs)
             ^^^^^^^^^^^^^^^^^^^^^^^^^^^^^^^^^^^^^^^^^^^^^^^^^^^^^^^^^^^^^
  File "/home/airflow/.local/lib/python3.12/site-packages/airflow/models/taskinstance.py", line 432, in _execute_callable
    return execute_callable(context=context, **execute_callable_kwargs)
           ^^^^^^^^^^^^^^^^^^^^^^^^^^^^^^^^^^^^^^^^^^^^^^^^^^^^^^^^^^^^
  File "/home/airflow/.local/lib/python3.12/site-packages/airflow/models/baseoperator.py", line 401, in wrapper
    return func(self, *args, **kwargs)
           ^^^^^^^^^^^^^^^^^^^^^^^^^^^
  File "/home/airflow/.local/lib/python3.12/site-packages/airflow/operators/bash.py", line 243, in execute
    raise AirflowException(
airflow.exceptions.AirflowException: Bash command failed. The command returned a non-zero exit code 127.
[2026-03-06T08:05:56.743+0000] {taskinstance.py:1206} INFO - Marking task as UP_FOR_RETRY. dag_id=football_daily_pipeline, task_id=dbt_run, run_id=scheduled__2026-03-05T02:00:00+00:00, execution_date=20260305T020000, start_date=20260306T080556, end_date=20260306T080556
[2026-03-06T08:05:56.751+0000] {standard_task_runner.py:110} ERROR - Failed to execute job 12 for task dbt_run (Bash command failed. The command returned a non-zero exit code 127.; 196)
[2026-03-06T08:05:56.760+0000] {local_task_job_runner.py:243} INFO - Task exited with return code 1
[2026-03-06T08:05:56.776+0000] {taskinstance.py:3503} INFO - 0 downstream tasks scheduled from follow-on schedule check
[2026-03-06T08:05:56.779+0000] {local_task_job_runner.py:222} INFO - ::endgroup::
